#
# A fatal error has been detected by the Java Runtime Environment:
#
#  EXCEPTION_ACCESS_VIOLATION (0xc0000005) at pc=0x00007ffed75dbe21, pid=27340, tid=33420
#
# JRE version: OpenJDK Runtime Environment Microsoft-9889606 (21.0.4+7) (build 21.0.4+7-LTS)
# Java VM: OpenJDK 64-Bit Server VM Microsoft-9889606 (21.0.4+7-LTS, mixed mode, tiered, compressed oops, compressed class ptrs, g1 gc, windows-amd64)
# Problematic frame:
# C  [awt.dll+0xdbe21]
#
# No core dump will be written. Minidumps are not enabled by default on client versions of Windows
#
# If you would like to submit a bug report, please visit:
#   https://github.com/microsoft/openjdk/issues
# The crash happened outside the Java Virtual Machine in native code.
# See problematic frame for where to report the bug.
#

---------------  S U M M A R Y ------------

Command Line: -Djpackage.app-version=3.9.0 -Djpackage.app-path=C:\Program Files\logisim-evolution\logisim-evolution.exe com.cburch.logisim.Main C:\Users\jmsag\Documents\CSC137 circuits\HW4_3.circ

Host: AMD Ryzen 5 7600X 6-Core Processor             , 12 cores, 31G,  Windows 10 , 64 bit Build 19041 (10.0.19041.5678)
Time: Mon Apr 28 17:08:34 2025 Pacific Daylight Time elapsed time: 69594.667152 seconds (0d 19h 19m 54s)

---------------  T H R E A D  ---------------

Current thread (0x000001e0c503fe20):  JavaThread "AWT-Windows" daemon [_thread_in_native, id=33420, stack(0x000000244bc00000,0x000000244bd00000) (1024K)]

Stack: [0x000000244bc00000,0x000000244bd00000],  sp=0x000000244bcfe790,  free space=1017k
Native frames: (J=compiled Java code, j=interpreted, Vv=VM code, C=native code)
C  [awt.dll+0xdbe21]

Java frames: (J=compiled Java code, j=interpreted, Vv=VM code)
j  sun.awt.windows.WToolkit.eventLoop()V+0 java.desktop@21.0.4
j  sun.awt.windows.WToolkit.run()V+50 java.desktop@21.0.4
j  java.lang.Thread.runWith(Ljava/lang/Object;Ljava/lang/Runnable;)V+5 java.base@21.0.4
j  java.lang.Thread.run()V+19 java.base@21.0.4
v  ~StubRoutines::call_stub 0x000001e0abd610e7

siginfo: EXCEPTION_ACCESS_VIOLATION (0xc0000005), reading address 0x0000000000000008


Registers:
RAX=0x0000000000000000, RBX=0x000001e0d4d79310, RCX=0x0000000000000000, RDX=0x0000000000000000
RSP=0x000000244bcfe790, RBP=0x000000244bcfe899, RSI=0x0000000052011eb4, RDI=0x0000000000000001
R8 =0x0000000000000001, R9 =0x000000244bcfe899, R10=0x0000000000000000, R11=0x0000000000000246
R12=0x00007ffed7500000, R13=0x0000000000000310, R14=0x0000000000000000, R15=0x0000000000000001
RIP=0x00007ffed75dbe21, EFLAGS=0x0000000000010246


Register to memory mapping:

RAX=0x0 is null
RBX=0x000001e0d4d79310 points into unknown readable memory: 0x000001e0d286f0e0 | e0 f0 86 d2 e0 01 00 00
RCX=0x0 is null
RDX=0x0 is null
RSP=0x000000244bcfe790 is pointing into the stack for thread: 0x000001e0c503fe20
RBP=0x000000244bcfe899 is pointing into the stack for thread: 0x000001e0c503fe20
RSI=0x0000000052011eb4 is an unknown value
RDI=0x0000000000000001 is an unknown value
R8 =0x0000000000000001 is an unknown value
R9 =0x000000244bcfe899 is pointing into the stack for thread: 0x000001e0c503fe20
R10=0x0 is null
R11=0x0000000000000246 is an unknown value
R12=0x00007ffed7500000 awt.dll
R13=0x0000000000000310 is an unknown value
R14=0x0 is null
R15=0x0000000000000001 is an unknown value

Top of Stack: (sp=0x000000244bcfe790)
0x000000244bcfe790:   00007ffed763a848 0000000052011eb4
0x000000244bcfe7a0:   0000b44340eb42e3 0000000000000000
0x000000244bcfe7b0:   0000000000000001 00007ffed7597a6c
0x000000244bcfe7c0:   0000000052011eb4 000001e0d3090300
0x000000244bcfe7d0:   000001e0d4d79310 000001e0d3090300
0x000000244bcfe7e0:   000001e0d3090300 00007ffed7597b16
0x000000244bcfe7f0:   0000000000000001 0000000000000000
0x000000244bcfe800:   0000000000000000 0000000000000000
0x000000244bcfe810:   000001e0d3090300 00007ffed7594e98
0x000000244bcfe820:   000001e0d3090300 0000000000000000
0x000000244bcfe830:   0000000000000000 0000000000000000
0x000000244bcfe840:   000000000000c306 000000244bcfea28
0x000000244bcfe850:   0000000000000000 000001e0c503fe20
0x000000244bcfe860:   0000000000000000 00007ffee7c79aaa
0x000000244bcfe870:   0000000000000000 00007fff02c69877
0x000000244bcfe880:   000000244bcfe940 000001e0c50401d8
0x000000244bcfe890:   000001e0d30903a0 0000000000000000
0x000000244bcfe8a0:   000000244bcfeb28 0000b44340eb4c53
0x000000244bcfe8b0:   0000000000000001 0000000000000000
0x000000244bcfe8c0:   0000000000000000 0000000000000000
0x000000244bcfe8d0:   0000000000000000 0000000000000310
0x000000244bcfe8e0:   0000000000000000 000001e0d3090300
0x000000244bcfe8f0:   000001e0d3090300 00007ffed75e102c
0x000000244bcfe900:   0000000000000001 0000000000000000
0x000000244bcfe910:   0000000000000000 000001e0c0873fe0
0x000000244bcfe920:   000000240000c306 000001e0c0873ff0
0x000000244bcfe930:   0000000000000000 0000000001890426
0x000000244bcfe940:   000001e09b85f830 00007fff021e0317
0x000000244bcfe950:   0000000000000000 00007fff02c69993
0x000000244bcfe960:   000000244a260800 00000000ffffffeb
0x000000244bcfe970:   0000000000000000 0000b44340eb4d73
0x000000244bcfe980:   0000000000000000 0000000000000000 

Instructions: (pc=0x00007ffed75dbe21)
0x00007ffed75dbd21:   83 ec 28 66 0f 6e c2 0f 5b c0 f3 0f 59 41 48 0f
0x00007ffed75dbd31:   5a c8 f2 0f 10 05 75 4f 03 00 f2 0f 5c 0d c5 4e
0x00007ffed75dbd41:   01 00 66 0f 2f c1 76 0a b8 00 00 00 80 48 83 c4
0x00007ffed75dbd51:   28 c3 66 0f 2f 0d 45 98 02 00 76 0a b8 ff ff ff
0x00007ffed75dbd61:   7f 48 83 c4 28 c3 0f 28 c1 e8 b5 0d 01 00 f2 0f
0x00007ffed75dbd71:   2c c0 48 83 c4 28 c3 cc cc cc cc cc cc cc cc 48
0x00007ffed75dbd81:   83 ec 28 66 0f 6e c2 0f 5b c0 f3 0f 59 41 4c 0f
0x00007ffed75dbd91:   5a c8 f2 0f 10 05 15 4f 03 00 f2 0f 5c 0d 65 4e
0x00007ffed75dbda1:   01 00 66 0f 2f c1 76 0a b8 00 00 00 80 48 83 c4
0x00007ffed75dbdb1:   28 c3 66 0f 2f 0d e5 97 02 00 76 0a b8 ff ff ff
0x00007ffed75dbdc1:   7f 48 83 c4 28 c3 0f 28 c1 e8 55 0d 01 00 f2 0f
0x00007ffed75dbdd1:   2c c0 48 83 c4 28 c3 cc cc cc cc cc cc cc cc 48
0x00007ffed75dbde1:   8b 49 08 48 85 c9 0f 85 63 7f fe ff 33 c0 c3 48
0x00007ffed75dbdf1:   89 5c 24 08 48 89 74 24 10 57 48 83 ec 20 8b fa
0x00007ffed75dbe01:   48 8b f1 e8 77 c0 f4 ff 48 8b d8 48 89 44 24 40
0x00007ffed75dbe11:   41 b8 01 00 00 00 8b d7 48 8b c8 e8 cf bf f4 ff
0x00007ffed75dbe21:   48 8b 48 08 48 85 c9 74 0d 48 8b d6 e8 1e 7f fe
0x00007ffed75dbe31:   ff 48 8b f8 eb 02 33 ff 48 8b cb e8 ff c1 f4 ff
0x00007ffed75dbe41:   90 48 8b c7 48 8b 5c 24 30 48 8b 74 24 38 48 83
0x00007ffed75dbe51:   c4 20 5f c3 cc cc cc cc cc cc cc cc cc cc cc 48
0x00007ffed75dbe61:   8b 01 89 10 c3 cc cc cc cc cc cc cc cc cc cc 40
0x00007ffed75dbe71:   57 48 83 ec 40 48 83 79 38 00 48 8b f9 0f 84 96
0x00007ffed75dbe81:   01 00 00 48 8b 0d f5 af 06 00 ba 02 00 01 00 48
0x00007ffed75dbe91:   89 5c 24 58 48 89 74 24 68 e8 4b f6 00 00 4c 8b
0x00007ffed75dbea1:   05 72 b5 06 00 48 8b c8 48 8b 57 38 48 8b d8 4c
0x00007ffed75dbeb1:   8b 08 41 ff 91 f8 02 00 00 48 8b f0 48 85 c0 0f
0x00007ffed75dbec1:   84 4a 01 00 00 4c 8b 0b 48 8b d0 4c 8b 05 35 b5
0x00007ffed75dbed1:   06 00 48 8b cb 41 ff 91 00 01 00 00 84 c0 0f 84
0x00007ffed75dbee1:   2b 01 00 00 48 8b 7f 08 48 8b d6 48 8b 03 48 8b
0x00007ffed75dbef1:   cb 4c 8b 05 27 b5 06 00 48 81 c7 00 04 00 00 48
0x00007ffed75dbf01:   89 6c 24 60 4c 89 7c 24 20 ff 90 f8 02 00 00 4c
0x00007ffed75dbf11:   8b 0b 48 8b d6 4c 8b 05 0b b5 06 00 48 8b cb 4c 


Stack slot to memory mapping:

stack at sp + 0 slots: 0x00007ffed763a848 awt.dll
stack at sp + 1 slots: 0x0000000052011eb4 is an unknown value
stack at sp + 2 slots: 0x0000b44340eb42e3 is an unknown value
stack at sp + 3 slots: 0x0 is null
stack at sp + 4 slots: 0x0000000000000001 is an unknown value
stack at sp + 5 slots: 0x00007ffed7597a6c awt.dll
stack at sp + 6 slots: 0x0000000052011eb4 is an unknown value
stack at sp + 7 slots: 0x000001e0d3090300 points into unknown readable memory: 0x00007ffed760c8f0 | f0 c8 60 d7 fe 7f 00 00


---------------  P R O C E S S  ---------------

Threads class SMR info:
_java_thread_list=0x000001e0d56fd650, length=23, elements={
0x000001e0c0695650, 0x000001e0c0696770, 0x000001e0c0686950, 0x000001e0c06874a0,
0x000001e0c0687ff0, 0x000001e0c0688a50, 0x000001e0c06af830, 0x000001e0c06b02d0,
0x000001e0c089c770, 0x000001e0c0896130, 0x000001e0c503ef70, 0x000001e0c503f5e0,
0x000001e0c503fe20, 0x000001e0c51be8f0, 0x000001e0d28b4370, 0x000001e0d2add330,
0x000001e0d33aeba0, 0x000001e0d33ab720, 0x000001e0d33ac440, 0x000001e0d33acad0,
0x000001e0d33abdb0, 0x000001e0d33ad160, 0x000001e0d5255540
}

Java Threads: ( => current thread )
  0x000001e0c0695650 JavaThread "Reference Handler"          daemon [_thread_blocked, id=29700, stack(0x000000244af00000,0x000000244b000000) (1024K)]
  0x000001e0c0696770 JavaThread "Finalizer"                  daemon [_thread_blocked, id=26620, stack(0x000000244b000000,0x000000244b100000) (1024K)]
  0x000001e0c0686950 JavaThread "Signal Dispatcher"          daemon [_thread_blocked, id=17100, stack(0x000000244b100000,0x000000244b200000) (1024K)]
  0x000001e0c06874a0 JavaThread "Attach Listener"            daemon [_thread_blocked, id=19396, stack(0x000000244b200000,0x000000244b300000) (1024K)]
  0x000001e0c0687ff0 JavaThread "Service Thread"             daemon [_thread_blocked, id=31120, stack(0x000000244b300000,0x000000244b400000) (1024K)]
  0x000001e0c0688a50 JavaThread "Monitor Deflation Thread"   daemon [_thread_blocked, id=16252, stack(0x000000244b400000,0x000000244b500000) (1024K)]
  0x000001e0c06af830 JavaThread "C2 CompilerThread0"         daemon [_thread_blocked, id=18132, stack(0x000000244b500000,0x000000244b600000) (1024K)]
  0x000001e0c06b02d0 JavaThread "C1 CompilerThread0"         daemon [_thread_blocked, id=20284, stack(0x000000244b600000,0x000000244b700000) (1024K)]
  0x000001e0c089c770 JavaThread "Notification Thread"        daemon [_thread_blocked, id=11476, stack(0x000000244b700000,0x000000244b800000) (1024K)]
  0x000001e0c0896130 JavaThread "Common-Cleaner"             daemon [_thread_blocked, id=30824, stack(0x000000244b800000,0x000000244b900000) (1024K)]
  0x000001e0c503ef70 JavaThread "Java2D Disposer"            daemon [_thread_blocked, id=27020, stack(0x000000244ba00000,0x000000244bb00000) (1024K)]
  0x000001e0c503f5e0 JavaThread "AWT-Shutdown"                      [_thread_blocked, id=3188, stack(0x000000244bb00000,0x000000244bc00000) (1024K)]
=>0x000001e0c503fe20 JavaThread "AWT-Windows"                daemon [_thread_in_native, id=33420, stack(0x000000244bc00000,0x000000244bd00000) (1024K)]
  0x000001e0c51be8f0 JavaThread "Event Dispatch Thread"      daemon [_thread_blocked, id=29472, stack(0x000000244bd00000,0x000000244be00000) (1024K)]
  0x000001e0d28b4370 JavaThread "AWT-EventQueue-0"                  [_thread_in_native, id=8236, stack(0x000000244d700000,0x000000244d800000) (1024K)]
  0x000001e0d2add330 JavaThread "D3D Screen Updater"         daemon [_thread_in_native, id=20984, stack(0x000000244d800000,0x000000244d900000) (1024K)]
  0x000001e0d33aeba0 JavaThread "AutosaveThread-0-0"                [_thread_blocked, id=29664, stack(0x000000244e400000,0x000000244e500000) (1024K)]
  0x000001e0d33ab720 JavaThread "SimThread-0"                       [_thread_blocked, id=32732, stack(0x000000244e500000,0x000000244e600000) (1024K)]
  0x000001e0d33ac440 JavaThread "DestroyJavaVM"                     [_thread_blocked, id=29380, stack(0x000000244a700000,0x000000244a800000) (1024K)]
  0x000001e0d33acad0 JavaThread "Timer-0"                           [_thread_blocked, id=27788, stack(0x000000244e600000,0x000000244e700000) (1024K)]
  0x000001e0d33abdb0 JavaThread "CanvasPaintThread-0"               [_thread_blocked, id=27880, stack(0x000000244e700000,0x000000244e800000) (1024K)]
  0x000001e0d33ad160 JavaThread "TimerQueue"                 daemon [_thread_blocked, id=10032, stack(0x000000244e800000,0x000000244e900000) (1024K)]
  0x000001e0d5255540 JavaThread "Swing-Shell"                daemon [_thread_blocked, id=2112, stack(0x000000244a400000,0x000000244a500000) (1024K)]
Total: 23

Other Threads:
  0x000001e0c06299d0 VMThread "VM Thread"                           [id=30760, stack(0x000000244ae00000,0x000000244af00000) (1024K)]
  0x000001e0bdaf0af0 WatcherThread "VM Periodic Task Thread"        [id=29908, stack(0x000000244ad00000,0x000000244ae00000) (1024K)]
  0x000001e09d57cf80 WorkerThread "GC Thread#0"                     [id=30876, stack(0x000000244a800000,0x000000244a900000) (1024K)]
  0x000001e0c84a0fb0 WorkerThread "GC Thread#1"                     [id=23908, stack(0x000000244d900000,0x000000244da00000) (1024K)]
  0x000001e0c84a16f0 WorkerThread "GC Thread#2"                     [id=29528, stack(0x000000244da00000,0x000000244db00000) (1024K)]
  0x000001e0c84a21d0 WorkerThread "GC Thread#3"                     [id=28300, stack(0x000000244db00000,0x000000244dc00000) (1024K)]
  0x000001e0c84a2570 WorkerThread "GC Thread#4"                     [id=31904, stack(0x000000244dc00000,0x000000244dd00000) (1024K)]
  0x000001e0c84a2910 WorkerThread "GC Thread#5"                     [id=28332, stack(0x000000244dd00000,0x000000244de00000) (1024K)]
  0x000001e0c84a3050 WorkerThread "GC Thread#6"                     [id=27828, stack(0x000000244de00000,0x000000244df00000) (1024K)]
  0x000001e0c84a33f0 WorkerThread "GC Thread#7"                     [id=20392, stack(0x000000244df00000,0x000000244e000000) (1024K)]
  0x000001e0c84a3b30 WorkerThread "GC Thread#8"                     [id=26820, stack(0x000000244e000000,0x000000244e100000) (1024K)]
  0x000001e0c84a3790 WorkerThread "GC Thread#9"                     [id=25092, stack(0x000000244e100000,0x000000244e200000) (1024K)]
  0x000001e09d58e9c0 ConcurrentGCThread "G1 Main Marker"            [id=25060, stack(0x000000244a900000,0x000000244aa00000) (1024K)]
  0x000001e0bd9215e0 WorkerThread "G1 Conc#0"                       [id=25420, stack(0x000000244aa00000,0x000000244ab00000) (1024K)]
  0x000001e0c84a3ed0 WorkerThread "G1 Conc#1"                       [id=32740, stack(0x000000244e200000,0x000000244e300000) (1024K)]
  0x000001e0d4026a70 WorkerThread "G1 Conc#2"                       [id=31984, stack(0x000000244e300000,0x000000244e400000) (1024K)]
  0x000001e0bd9c5b20 ConcurrentGCThread "G1 Refine#0"               [id=32388, stack(0x000000244ab00000,0x000000244ac00000) (1024K)]
  0x000001e0bd9c6690 ConcurrentGCThread "G1 Service"                [id=25032, stack(0x000000244ac00000,0x000000244ad00000) (1024K)]
Total: 18

Threads with active compile tasks:
Total: 0

VM state: not at safepoint (normal execution)

VM Mutex/Monitor currently owned by a thread: None

Heap address: 0x000000060e000000, size: 7968 MB, Compressed Oops mode: Zero based, Oop shift amount: 3

CDS archive(s) not mapped
Compressed class space mapped at: 0x0000000800000000-0x0000000840000000, reserved size: 1073741824
Narrow klass base: 0x0000000800000000, Narrow klass shift: 0, Narrow klass range: 0x40000000

GC Precious Log:
 CardTable entry size: 512
 Card Set container configuration: InlinePtr #cards 4 size 8 Array Of Cards #cards 32 size 80 Howl #buckets 8 coarsen threshold 7372 Howl Bitmap #cards 1024 size 144 coarsen threshold 921 Card regions per heap region 1 cards per card region 8192
 CPUs: 12 total, 12 available
 Memory: 31864M
 Large Page Support: Disabled
 NUMA Support: Disabled
 Compressed Oops: Enabled (Zero based)
 Heap Region Size: 4M
 Heap Min Capacity: 8M
 Heap Initial Capacity: 500M
 Heap Max Capacity: 7968M
 Pre-touch: Disabled
 Parallel Workers: 10
 Concurrent Workers: 3
 Concurrent Refinement Workers: 10
 Periodic GC: Disabled

Heap:
 garbage-first heap   total 45056K, used 16273K [0x000000060e000000, 0x0000000800000000)
  region size 4096K, 3 young (12288K), 1 survivors (4096K)
 Metaspace       used 39264K, committed 39616K, reserved 1114112K
  class space    used 4563K, committed 4736K, reserved 1048576K

Heap Regions: E=young(eden), S=young(survivor), O=old, HS=humongous(starts), HC=humongous(continues), CS=collection set, F=free, TAMS=top-at-mark-start, PB=parsable bottom
|   0|0x000000060e000000, 0x000000060e400000, 0x000000060e400000|100%| O|  |TAMS 0x000000060e000000| PB 0x000000060e000000| Untracked 
|   1|0x000000060e400000, 0x000000060e400000, 0x000000060e800000|  0%| F|  |TAMS 0x000000060e400000| PB 0x000000060e400000| Untracked 
|   2|0x000000060e800000, 0x000000060ec00000, 0x000000060ec00000|100%| O|  |TAMS 0x000000060e800000| PB 0x000000060e800000| Untracked 
|   3|0x000000060ec00000, 0x000000060ed41070, 0x000000060f000000| 31%| S|CS|TAMS 0x000000060ec00000| PB 0x000000060ec00000| Complete 
|   4|0x000000060f000000, 0x000000060f2a3608, 0x000000060f400000| 65%| O|  |TAMS 0x000000060f000000| PB 0x000000060f000000| Untracked 
|   5|0x000000060f400000, 0x000000060f400000, 0x000000060f800000|  0%| F|  |TAMS 0x000000060f400000| PB 0x000000060f400000| Untracked 
|   6|0x000000060f800000, 0x000000060f800000, 0x000000060fc00000|  0%| F|  |TAMS 0x000000060f800000| PB 0x000000060f800000| Untracked 
|   7|0x000000060fc00000, 0x000000060fc00000, 0x0000000610000000|  0%| F|  |TAMS 0x000000060fc00000| PB 0x000000060fc00000| Untracked 
|   8|0x0000000610000000, 0x0000000610000000, 0x0000000610400000|  0%| F|  |TAMS 0x0000000610000000| PB 0x0000000610000000| Untracked 
| 122|0x000000062c800000, 0x000000062c849250, 0x000000062cc00000|  7%| E|  |TAMS 0x000000062c800000| PB 0x000000062c800000| Complete 
| 124|0x000000062d000000, 0x000000062d400000, 0x000000062d400000|100%| E|CS|TAMS 0x000000062d000000| PB 0x000000062d000000| Complete 

Card table byte_map: [0x000001e0b4d10000,0x000001e0b5ca0000] _byte_map_base: 0x000001e0b1ca0000

Marking Bits: (CMBitMap*) 0x000001e09d57de90
 Bits: [0x000001e0b5ca0000, 0x000001e0bd920000)

Polling page: 0x000001e09cc90000

Metaspace:

Usage:
  Non-class:     33.89 MB used.
      Class:      4.46 MB used.
       Both:     38.34 MB used.

Virtual space:
  Non-class space:       64.00 MB reserved,      34.06 MB ( 53%) committed,  1 nodes.
      Class space:        1.00 GB reserved,       4.62 MB ( <1%) committed,  1 nodes.
             Both:        1.06 GB reserved,      38.69 MB (  4%) committed. 

Chunk freelists:
   Non-Class:  13.94 MB
       Class:  11.21 MB
        Both:  25.15 MB

MaxMetaspaceSize: unlimited
CompressedClassSpaceSize: 1.00 GB
Initial GC threshold: 21.00 MB
Current GC threshold: 61.88 MB
CDS: off
 - commit_granule_bytes: 65536.
 - commit_granule_words: 8192.
 - virtual_space_node_default_size: 8388608.
 - enlarge_chunks_in_place: 1.
 - use_allocation_guard: 0.


Internal statistics:

num_allocs_failed_limit: 8.
num_arena_births: 410.
num_arena_deaths: 0.
num_vsnodes_births: 2.
num_vsnodes_deaths: 0.
num_space_committed: 619.
num_space_uncommitted: 0.
num_chunks_returned_to_freelist: 8.
num_chunks_taken_from_freelist: 1039.
num_chunk_merges: 0.
num_chunk_splits: 656.
num_chunks_enlarged: 420.
num_inconsistent_stats: 0.

CodeHeap 'non-profiled nmethods': size=120000Kb used=5668Kb max_used=5668Kb free=114331Kb
 bounds [0x000001e0ac300000, 0x000001e0ac890000, 0x000001e0b3830000]
CodeHeap 'profiled nmethods': size=120000Kb used=12058Kb max_used=13091Kb free=107941Kb
 bounds [0x000001e0a4830000, 0x000001e0a5500000, 0x000001e0abd60000]
CodeHeap 'non-nmethods': size=5760Kb used=2123Kb max_used=2173Kb free=3636Kb
 bounds [0x000001e0abd60000, 0x000001e0abfd0000, 0x000001e0ac300000]
 total_blobs=7015 nmethods=6144 adapters=774
 compilation: enabled
              stopped_count=0, restarted_count=0
 full_count=0

Compilation events (20 events):
Event: 1945.671 Thread 0x000001e0c06b02d0 7345       3       java.awt.Rectangle::resize (11 bytes)
Event: 1945.671 Thread 0x000001e0c06b02d0 nmethod 7345 0x000001e0a507a610 code [0x000001e0a507a7a0, 0x000001e0a507a8b0]
Event: 1945.745 Thread 0x000001e0c06b02d0 7346       3       java.awt.Rectangle::<init> (21 bytes)
Event: 1945.745 Thread 0x000001e0c06b02d0 nmethod 7346 0x000001e0a4f66710 code [0x000001e0a4f668c0, 0x000001e0a4f66b80]
Event: 1945.745 Thread 0x000001e0c06af830 7347       4       sun.awt.NullComponentPeer::setForeground (1 bytes)
Event: 1945.745 Thread 0x000001e0c06af830 nmethod 7347 0x000001e0ac888190 code [0x000001e0ac888300, 0x000001e0ac888388]
Event: 62680.301 Thread 0x000001e0c06b02d0 7348       3       java.util.concurrent.locks.AbstractQueuedSynchronizer$ConditionObject::unlinkCancelledWaiters (91 bytes)
Event: 62680.301 Thread 0x000001e0c06b02d0 nmethod 7348 0x000001e0a4fb8610 code [0x000001e0a4fb87e0, 0x000001e0a4fb8c98]
Event: 62680.532 Thread 0x000001e0c06b02d0 7349       1       jdk.internal.event.ThreadSleepEvent::isEnabled (2 bytes)
Event: 62680.532 Thread 0x000001e0c06b02d0 nmethod 7349 0x000001e0ac888490 code [0x000001e0ac888620, 0x000001e0ac8886e8]
Event: 66521.645 Thread 0x000001e0c06b02d0 7350   !   3       java.lang.Thread::beforeSleep (33 bytes)
Event: 66521.646 Thread 0x000001e0c06b02d0 nmethod 7350 0x000001e0a4f66290 code [0x000001e0a4f66440, 0x000001e0a4f66608]
Event: 66521.646 Thread 0x000001e0c06b02d0 7351       3       jdk.internal.event.ThreadSleepEvent::isTurnedOn (7 bytes)
Event: 66521.646 Thread 0x000001e0c06b02d0 nmethod 7351 0x000001e0a5120910 code [0x000001e0a5120aa0, 0x000001e0a5120bf0]
Event: 66551.656 Thread 0x000001e0c06b02d0 7353   !   3       java.lang.Thread::afterSleep (13 bytes)
Event: 66551.656 Thread 0x000001e0c06b02d0 nmethod 7353 0x000001e0a4fb8190 code [0x000001e0a4fb8340, 0x000001e0a4fb8518]
Event: 66551.656 Thread 0x000001e0c06b02d0 7354   !   3       java.lang.Thread::sleep (82 bytes)
Event: 66551.666 Thread 0x000001e0c06b02d0 nmethod 7354 0x000001e0a4fb7390 code [0x000001e0a4fb75c0, 0x000001e0a4fb7e48]
Event: 69594.658 Thread 0x000001e0c06b02d0 7355       3       jdk.internal.org.objectweb.asm.MethodVisitor::visitInsn (16 bytes)
Event: 69594.659 Thread 0x000001e0c06b02d0 nmethod 7355 0x000001e0a4fb6f10 code [0x000001e0a4fb70c0, 0x000001e0a4fb72d0]

GC Heap History (20 events):
Event: 935.899 GC heap before
{Heap before GC invocations=15 (full 0):
 garbage-first heap   total 45056K, used 32025K [0x000000060e000000, 0x0000000800000000)
  region size 4096K, 4 young (16384K), 1 survivors (4096K)
 Metaspace       used 37707K, committed 38080K, reserved 1114112K
  class space    used 4428K, committed 4608K, reserved 1048576K
}
Event: 935.900 GC heap after
{Heap after GC invocations=16 (full 0):
 garbage-first heap   total 45056K, used 11570K [0x000000060e000000, 0x0000000800000000)
  region size 4096K, 1 young (4096K), 1 survivors (4096K)
 Metaspace       used 37707K, committed 38080K, reserved 1114112K
  class space    used 4428K, committed 4608K, reserved 1048576K
}
Event: 960.871 GC heap before
{Heap before GC invocations=16 (full 0):
 garbage-first heap   total 45056K, used 32050K [0x000000060e000000, 0x0000000800000000)
  region size 4096K, 6 young (24576K), 1 survivors (4096K)
 Metaspace       used 38322K, committed 38720K, reserved 1114112K
  class space    used 4482K, committed 4672K, reserved 1048576K
}
Event: 960.872 GC heap after
{Heap after GC invocations=17 (full 0):
 garbage-first heap   total 45056K, used 12159K [0x000000060e000000, 0x0000000800000000)
  region size 4096K, 1 young (4096K), 1 survivors (4096K)
 Metaspace       used 38322K, committed 38720K, reserved 1114112K
  class space    used 4482K, committed 4672K, reserved 1048576K
}
Event: 960.885 GC heap before
{Heap before GC invocations=17 (full 0):
 garbage-first heap   total 45056K, used 32639K [0x000000060e000000, 0x0000000800000000)
  region size 4096K, 6 young (24576K), 1 survivors (4096K)
 Metaspace       used 38339K, committed 38720K, reserved 1114112K
  class space    used 4482K, committed 4672K, reserved 1048576K
}
Event: 960.886 GC heap after
{Heap after GC invocations=18 (full 0):
 garbage-first heap   total 45056K, used 12158K [0x000000060e000000, 0x0000000800000000)
  region size 4096K, 1 young (4096K), 1 survivors (4096K)
 Metaspace       used 38339K, committed 38720K, reserved 1114112K
  class space    used 4482K, committed 4672K, reserved 1048576K
}
Event: 1072.480 GC heap before
{Heap before GC invocations=18 (full 0):
 garbage-first heap   total 45056K, used 32638K [0x000000060e000000, 0x0000000800000000)
  region size 4096K, 6 young (24576K), 1 survivors (4096K)
 Metaspace       used 39016K, committed 39424K, reserved 1114112K
  class space    used 4558K, committed 4736K, reserved 1048576K
}
Event: 1072.481 GC heap after
{Heap after GC invocations=19 (full 0):
 garbage-first heap   total 45056K, used 12149K [0x000000060e000000, 0x0000000800000000)
  region size 4096K, 1 young (4096K), 1 survivors (4096K)
 Metaspace       used 39016K, committed 39424K, reserved 1114112K
  class space    used 4558K, committed 4736K, reserved 1048576K
}
Event: 1145.334 GC heap before
{Heap before GC invocations=19 (full 0):
 garbage-first heap   total 45056K, used 32629K [0x000000060e000000, 0x0000000800000000)
  region size 4096K, 6 young (24576K), 1 survivors (4096K)
 Metaspace       used 39063K, committed 39424K, reserved 1114112K
  class space    used 4558K, committed 4736K, reserved 1048576K
}
Event: 1145.335 GC heap after
{Heap after GC invocations=20 (full 0):
 garbage-first heap   total 45056K, used 12111K [0x000000060e000000, 0x0000000800000000)
  region size 4096K, 1 young (4096K), 1 survivors (4096K)
 Metaspace       used 39063K, committed 39424K, reserved 1114112K
  class space    used 4558K, committed 4736K, reserved 1048576K
}
Event: 1221.860 GC heap before
{Heap before GC invocations=20 (full 0):
 garbage-first heap   total 45056K, used 32591K [0x000000060e000000, 0x0000000800000000)
  region size 4096K, 6 young (24576K), 1 survivors (4096K)
 Metaspace       used 39109K, committed 39488K, reserved 1114112K
  class space    used 4558K, committed 4736K, reserved 1048576K
}
Event: 1221.861 GC heap after
{Heap after GC invocations=21 (full 0):
 garbage-first heap   total 45056K, used 12081K [0x000000060e000000, 0x0000000800000000)
  region size 4096K, 1 young (4096K), 1 survivors (4096K)
 Metaspace       used 39109K, committed 39488K, reserved 1114112K
  class space    used 4558K, committed 4736K, reserved 1048576K
}
Event: 1247.450 GC heap before
{Heap before GC invocations=21 (full 0):
 garbage-first heap   total 45056K, used 32561K [0x000000060e000000, 0x0000000800000000)
  region size 4096K, 6 young (24576K), 1 survivors (4096K)
 Metaspace       used 39143K, committed 39488K, reserved 1114112K
  class space    used 4559K, committed 4736K, reserved 1048576K
}
Event: 1247.451 GC heap after
{Heap after GC invocations=22 (full 0):
 garbage-first heap   total 45056K, used 12161K [0x000000060e000000, 0x0000000800000000)
  region size 4096K, 1 young (4096K), 1 survivors (4096K)
 Metaspace       used 39143K, committed 39488K, reserved 1114112K
  class space    used 4559K, committed 4736K, reserved 1048576K
}
Event: 1940.903 GC heap before
{Heap before GC invocations=22 (full 0):
 garbage-first heap   total 45056K, used 32641K [0x000000060e000000, 0x0000000800000000)
  region size 4096K, 6 young (24576K), 1 survivors (4096K)
 Metaspace       used 39184K, committed 39552K, reserved 1114112K
  class space    used 4559K, committed 4736K, reserved 1048576K
}
Event: 1940.904 GC heap after
{Heap after GC invocations=23 (full 0):
 garbage-first heap   total 45056K, used 12122K [0x000000060e000000, 0x0000000800000000)
  region size 4096K, 1 young (4096K), 1 survivors (4096K)
 Metaspace       used 39184K, committed 39552K, reserved 1114112K
  class space    used 4559K, committed 4736K, reserved 1048576K
}
Event: 1942.392 GC heap before
{Heap before GC invocations=23 (full 0):
 garbage-first heap   total 45056K, used 32602K [0x000000060e000000, 0x0000000800000000)
  region size 4096K, 6 young (24576K), 1 survivors (4096K)
 Metaspace       used 39222K, committed 39616K, reserved 1114112K
  class space    used 4559K, committed 4736K, reserved 1048576K
}
Event: 1942.393 GC heap after
{Heap after GC invocations=24 (full 0):
 garbage-first heap   total 45056K, used 12529K [0x000000060e000000, 0x0000000800000000)
  region size 4096K, 1 young (4096K), 1 survivors (4096K)
 Metaspace       used 39222K, committed 39616K, reserved 1114112K
  class space    used 4559K, committed 4736K, reserved 1048576K
}
Event: 1950.563 GC heap before
{Heap before GC invocations=24 (full 0):
 garbage-first heap   total 45056K, used 33009K [0x000000060e000000, 0x0000000800000000)
  region size 4096K, 6 young (24576K), 1 survivors (4096K)
 Metaspace       used 39252K, committed 39616K, reserved 1114112K
  class space    used 4559K, committed 4736K, reserved 1048576K
}
Event: 1950.563 GC heap after
{Heap after GC invocations=25 (full 0):
 garbage-first heap   total 45056K, used 12177K [0x000000060e000000, 0x0000000800000000)
  region size 4096K, 1 young (4096K), 1 survivors (4096K)
 Metaspace       used 39252K, committed 39616K, reserved 1114112K
  class space    used 4559K, committed 4736K, reserved 1048576K
}

Dll operation events (12 events):
Event: 0.003 Loaded shared library C:\Program Files\logisim-evolution\runtime\bin\java.dll
Event: 0.021 Loaded shared library C:\Program Files\logisim-evolution\runtime\bin\jsvml.dll
Event: 0.034 Loaded shared library C:\Program Files\logisim-evolution\runtime\bin\net.dll
Event: 0.035 Loaded shared library C:\Program Files\logisim-evolution\runtime\bin\nio.dll
Event: 0.041 Loaded shared library C:\Program Files\logisim-evolution\runtime\bin\zip.dll
Event: 0.050 Loaded shared library C:\Program Files\logisim-evolution\runtime\bin\awt.dll
Event: 0.063 Loaded shared library C:\Program Files\logisim-evolution\runtime\bin\jimage.dll
Event: 0.113 Loaded shared library C:\Program Files\logisim-evolution\runtime\bin\prefs.dll
Event: 0.298 Loaded shared library C:\Users\jmsag\AppData\Local\Temp\flatlaf.temp\flatlaf-windows-x86_64-3613197467856000.dll
Event: 0.321 Loaded shared library C:\Program Files\logisim-evolution\runtime\bin\freetype.dll
Event: 0.322 Loaded shared library C:\Program Files\logisim-evolution\runtime\bin\fontmanager.dll
Event: 0.854 Loaded shared library C:\Program Files\logisim-evolution\runtime\bin\extnet.dll

Deoptimization events (20 events):
Event: 1942.397 Thread 0x000001e0d28b4370 DEOPT PACKING pc=0x000001e0ac51c0f4 sp=0x000000244d7fd190
Event: 1942.397 Thread 0x000001e0d28b4370 DEOPT UNPACKING pc=0x000001e0abdb7da2 sp=0x000000244d7fd120 mode 2
Event: 1944.834 Thread 0x000001e0c503fe20 Uncommon trap: trap_request=0xffffff45 fr.pc=0x000001e0ac47df90 relative=0x0000000000000210
Event: 1944.834 Thread 0x000001e0c503fe20 Uncommon trap: reason=unstable_if action=reinterpret pc=0x000001e0ac47df90 method=com.formdev.flatlaf.ui.FlatWindowsNativeWindowBorder$WndProc.contains(Ljava/awt/Rectangle;Ljava/awt/Point;)Z @ 9 c2
Event: 1944.834 Thread 0x000001e0c503fe20 DEOPT PACKING pc=0x000001e0ac47df90 sp=0x000000244bcfe750
Event: 1944.834 Thread 0x000001e0c503fe20 DEOPT UNPACKING pc=0x000001e0abdb7da2 sp=0x000000244bcfe678 mode 2
Event: 1944.834 Thread 0x000001e0c503fe20 Uncommon trap: trap_request=0xffffff45 fr.pc=0x000001e0ac71d2ac relative=0x000000000000008c
Event: 1944.834 Thread 0x000001e0c503fe20 Uncommon trap: reason=unstable_if action=reinterpret pc=0x000001e0ac71d2ac method=com.formdev.flatlaf.ui.FlatWindowsNativeWindowBorder$WndProc.contains(Ljava/awt/Rectangle;Ljava/awt/Point;)Z @ 9 c2
Event: 1944.834 Thread 0x000001e0c503fe20 DEOPT PACKING pc=0x000001e0ac71d2ac sp=0x000000244bcfe450
Event: 1944.834 Thread 0x000001e0c503fe20 DEOPT UNPACKING pc=0x000001e0abdb7da2 sp=0x000000244bcfe3f0 mode 2
Event: 1945.738 Thread 0x000001e0c503fe20 Uncommon trap: trap_request=0xffffff45 fr.pc=0x000001e0ac7554e4 relative=0x0000000000000be4
Event: 1945.738 Thread 0x000001e0c503fe20 Uncommon trap: reason=unstable_if action=reinterpret pc=0x000001e0ac7554e4 method=sun.awt.windows.WWindowPeer.preprocessPostEvent(Ljava/awt/AWTEvent;)V @ 4 c2
Event: 1945.738 Thread 0x000001e0c503fe20 DEOPT PACKING pc=0x000001e0ac7554e4 sp=0x000000244bcfce30
Event: 1945.738 Thread 0x000001e0c503fe20 DEOPT UNPACKING pc=0x000001e0abdb7da2 sp=0x000000244bcfcda0 mode 2
Event: 69593.751 Thread 0x000001e0d2add330 Uncommon trap: trap_request=0xffffff45 fr.pc=0x000001e0ac8350e8 relative=0x00000000000023c8
Event: 69593.751 Thread 0x000001e0d2add330 Uncommon trap: reason=unstable_if action=reinterpret pc=0x000001e0ac8350e8 method=sun.java2d.d3d.D3DScreenUpdateManager.run()V @ 146 c2
Event: 69593.751 Thread 0x000001e0d2add330 DEOPT PACKING pc=0x000001e0ac8350e8 sp=0x000000244d8ff3c0
Event: 69593.751 Thread 0x000001e0d2add330 DEOPT UNPACKING pc=0x000001e0abdb7da2 sp=0x000000244d8ff3a8 mode 2
Event: 69594.663 Thread 0x000001e0d28b4370 Uncommon trap: trap_request=0xffffff45 fr.pc=0x000001e0ac660d70 relative=0x0000000000000070
Event: 69594.663 Thread 0x000001e0d28b4370 Uncommon trap: reason=unstable_if action=reinterpret pc=0x000001e0ac660d70 method=sun.java2d.d3d.D3DGraphicsDevice.getDefaultConfiguration()Ljava/awt/GraphicsConfiguration; @ 4 c2

Classes loaded (20 events):
Event: 960.905 Loading class org/xml/sax/XMLReader done
Event: 960.905 Loading class org/xml/sax/ext/Locator2
Event: 960.905 Loading class org/xml/sax/Locator
Event: 960.905 Loading class org/xml/sax/Locator done
Event: 960.905 Loading class org/xml/sax/ext/Locator2 done
Event: 960.905 Loading class com/sun/org/apache/xalan/internal/xsltc/trax/DOM2TO done
Event: 960.905 Loading class com/sun/org/apache/xml/internal/serializer/ToStream$CharacterBuffer$1
Event: 960.905 Loading class com/sun/org/apache/xml/internal/serializer/ToStream$CharacterBuffer$GenericCharacters
Event: 960.905 Loading class com/sun/org/apache/xml/internal/serializer/ToStream$CharacterBuffer$GenericCharacters done
Event: 960.905 Loading class com/sun/org/apache/xml/internal/serializer/ToStream$CharacterBuffer$1 done
Event: 960.910 Loading class com/sun/org/apache/xml/internal/serializer/WriterToASCI
Event: 960.910 Loading class com/sun/org/apache/xml/internal/serializer/WriterToASCI done
Event: 960.910 Loading class java/io/FileOutputStream$1
Event: 960.910 Loading class java/io/FileOutputStream$1 done
Event: 3279.328 Loading class java/awt/desktop/UserSessionListener
Event: 3279.328 Loading class java/awt/desktop/SystemEventListener
Event: 3279.328 Loading class java/awt/desktop/SystemEventListener done
Event: 3279.328 Loading class java/awt/desktop/UserSessionListener done
Event: 3280.294 Loading class java/awt/desktop/SystemSleepListener
Event: 3280.294 Loading class java/awt/desktop/SystemSleepListener done

Classes unloaded (0 events):
No events

Classes redefined (0 events):
No events

Internal exceptions (20 events):
Event: 61.741 Thread 0x000001e0d28b4370 Exception <a 'java/lang/NoSuchMethodError'{0x000000060ff2b9b0}: 'void java.lang.invoke.DirectMethodHandle$Holder.invokeSpecial(java.lang.Object, java.lang.Object, int)'> (0x000000060ff2b9b0) 
thrown [s\src\hotspot\share\interpreter\linkResolver.cpp, line 773]
Event: 61.741 Thread 0x000001e0d28b4370 Exception <a 'java/lang/NoSuchMethodError'{0x000000060ff31310}: 'java.lang.Object java.lang.invoke.DirectMethodHandle$Holder.newInvokeSpecial(java.lang.Object, java.lang.Object, int)'> (0x000000060ff31310) 
thrown [s\src\hotspot\share\interpreter\linkResolver.cpp, line 773]
Event: 79.988 Thread 0x000001e0d28b4370 Exception <a 'java/lang/NoSuchMethodError'{0x000000062d0a8050}: 'int java.lang.invoke.DirectMethodHandle$Holder.invokeStatic(java.lang.Object, java.lang.Object, java.lang.Object, java.lang.Object)'> (0x000000062d0a8050) 
thrown [s\src\hotspot\share\interpreter\linkResolver.cpp, line 773]
Event: 79.994 Thread 0x000001e0d28b4370 Exception <a 'java/lang/NoSuchMethodError'{0x000000062d0f02c0}: 'void java.lang.invoke.Invokers$Holder.invokeExact_MT(java.lang.Object, java.lang.Object, java.lang.Object, java.lang.Object)'> (0x000000062d0f02c0) 
thrown [s\src\hotspot\share\interpreter\linkResolver.cpp, line 773]
Event: 80.010 Thread 0x000001e0d28b4370 Exception <a 'java/lang/NoSuchMethodError'{0x000000062d0fdaf8}: 'int java.lang.invoke.DirectMethodHandle$Holder.invokeSpecial(java.lang.Object, java.lang.Object, java.lang.Object, int)'> (0x000000062d0fdaf8) 
thrown [s\src\hotspot\share\interpreter\linkResolver.cpp, line 773]
Event: 80.011 Thread 0x000001e0d28b4370 Exception <a 'java/lang/NoSuchMethodError'{0x000000062d10fa98}: 'java.lang.Object java.lang.invoke.DirectMethodHandle$Holder.invokeStatic(java.lang.Object, java.lang.Object, java.lang.Object, java.lang.Object, int)'> (0x000000062d10fa98) 
thrown [s\src\hotspot\share\interpreter\linkResolver.cpp, line 773]
Event: 80.011 Thread 0x000001e0d28b4370 Exception <a 'java/lang/NoSuchMethodError'{0x000000062d11a900}: 'java.lang.Object java.lang.invoke.DelegatingMethodHandle$Holder.reinvoke_L(java.lang.Object, java.lang.Object, java.lang.Object, int, int)'> (0x000000062d11a900) 
thrown [s\src\hotspot\share\interpreter\linkResolver.cpp, line 773]
Event: 80.020 Thread 0x000001e0d28b4370 Exception <a 'java/lang/NoSuchMethodError'{0x000000062d12d558}: 'void java.lang.invoke.DirectMethodHandle$Holder.invokeStatic(java.lang.Object, java.lang.Object, java.lang.Object, java.lang.Object)'> (0x000000062d12d558) 
thrown [s\src\hotspot\share\interpreter\linkResolver.cpp, line 773]
Event: 80.037 Thread 0x000001e0d28b4370 Implicit null exception at 0x000001e0ac3f97c4 to 0x000001e0ac3f98a4
Event: 80.307 Thread 0x000001e0d28b4370 Implicit null exception at 0x000001e0ac4bafdb to 0x000001e0ac4bcd84
Event: 80.310 Thread 0x000001e0d28b4370 Exception <a 'java/lang/NoSuchMethodError'{0x000000062d3b8838}: 'java.lang.Object java.lang.invoke.DirectMethodHandle$Holder.newInvokeSpecial(java.lang.Object, int, java.lang.Object)'> (0x000000062d3b8838) 
thrown [s\src\hotspot\share\interpreter\linkResolver.cpp, line 773]
Event: 93.036 Thread 0x000001e0d5256260 Implicit null exception at 0x000001e0ac4d6f11 to 0x000001e0ac4d714c
Event: 377.645 Thread 0x000001e0d28b4370 Implicit null exception at 0x000001e0ac5e4ca1 to 0x000001e0ac5e4f5c
Event: 933.733 Thread 0x000001e0d28b4370 Implicit null exception at 0x000001e0ac7579e7 to 0x000001e0ac75a1a8
Event: 933.734 Thread 0x000001e0d28b4370 Implicit null exception at 0x000001e0ac79c43b to 0x000001e0ac79ce28
Event: 960.363 Thread 0x000001e0d28b4370 Implicit null exception at 0x000001e0ac7debf8 to 0x000001e0ac7e18a4
Event: 960.842 Thread 0x000001e0d33aeba0 Exception <a 'java/lang/NoSuchMethodError'{0x00000006101e7f18}: 'int java.lang.invoke.DirectMethodHandle$Holder.invokeStaticInit(java.lang.Object, java.lang.Object, java.lang.Object)'> (0x00000006101e7f18) 
thrown [s\src\hotspot\share\interpreter\linkResolver.cpp, line 773]
Event: 960.870 Thread 0x000001e0d33aeba0 Implicit null exception at 0x000001e0ac3b9400 to 0x000001e0ac3b98c4
Event: 960.891 Thread 0x000001e0d33aeba0 Exception <a 'java/lang/ClassNotFoundException'{0x000000062c858530}: com/sun/org/apache/xml/internal/serializer/spi/XMLEntitiesProvider> (0x000000062c858530) 
thrown [s\src\hotspot\share\classfile\systemDictionary.cpp, line 312]
Event: 1942.382 Thread 0x000001e0d33aeba0 Exception <a 'java/lang/InterruptedException'{0x000000062c945898}: sleep interrupted> (0x000000062c945898) 
thrown [s\src\hotspot\share\prims\jvm.cpp, line 3074]

ZGC Phase Switch (0 events):
No events

VM Operations (20 events):
Event: 1940.903 Executing VM operation: G1CollectForAllocation (G1 Evacuation Pause)
Event: 1940.904 Executing VM operation: G1CollectForAllocation (G1 Evacuation Pause) done
Event: 1941.910 Executing VM operation: Cleanup
Event: 1941.910 Executing VM operation: Cleanup done
Event: 1942.392 Executing VM operation: G1CollectForAllocation (G1 Evacuation Pause)
Event: 1942.393 Executing VM operation: G1CollectForAllocation (G1 Evacuation Pause) done
Event: 1943.396 Executing VM operation: Cleanup
Event: 1943.397 Executing VM operation: Cleanup done
Event: 1945.414 Executing VM operation: Cleanup
Event: 1945.414 Executing VM operation: Cleanup done
Event: 1946.422 Executing VM operation: Cleanup
Event: 1946.422 Executing VM operation: Cleanup done
Event: 1950.563 Executing VM operation: G1CollectForAllocation (G1 Evacuation Pause)
Event: 1950.563 Executing VM operation: G1CollectForAllocation (G1 Evacuation Pause) done
Event: 1984.231 Executing VM operation: HandshakeAllThreads (HandshakeForDeflation)
Event: 1984.231 Executing VM operation: HandshakeAllThreads (HandshakeForDeflation) done
Event: 1984.231 Executing VM operation: RendezvousGCThreads
Event: 1984.231 Executing VM operation: RendezvousGCThreads done
Event: 2241.834 Executing VM operation: Cleanup
Event: 2241.835 Executing VM operation: Cleanup done

Memory protections (0 events):
No events

Nmethod flushes (20 events):
Event: 376.876 Thread 0x000001e0c06299d0 flushing  nmethod 0x000001e0a5046290
Event: 376.876 Thread 0x000001e0c06299d0 flushing  nmethod 0x000001e0a5047890
Event: 376.876 Thread 0x000001e0c06299d0 flushing  nmethod 0x000001e0a5048710
Event: 376.876 Thread 0x000001e0c06299d0 flushing  nmethod 0x000001e0a5049a90
Event: 376.876 Thread 0x000001e0c06299d0 flushing  nmethod 0x000001e0a5049d90
Event: 376.876 Thread 0x000001e0c06299d0 flushing  nmethod 0x000001e0a504a310
Event: 376.876 Thread 0x000001e0c06299d0 flushing  nmethod 0x000001e0a504a790
Event: 376.876 Thread 0x000001e0c06299d0 flushing  nmethod 0x000001e0a504ab10
Event: 376.876 Thread 0x000001e0c06299d0 flushing  nmethod 0x000001e0a504af10
Event: 376.876 Thread 0x000001e0c06299d0 flushing  nmethod 0x000001e0a50bdb90
Event: 376.876 Thread 0x000001e0c06299d0 flushing  nmethod 0x000001e0a50c4790
Event: 376.876 Thread 0x000001e0c06299d0 flushing  nmethod 0x000001e0a50c7090
Event: 376.876 Thread 0x000001e0c06299d0 flushing  nmethod 0x000001e0a512c590
Event: 376.876 Thread 0x000001e0c06299d0 flushing  nmethod 0x000001e0a512f710
Event: 376.876 Thread 0x000001e0c06299d0 flushing  nmethod 0x000001e0a512fa10
Event: 376.876 Thread 0x000001e0c06299d0 flushing  nmethod 0x000001e0a512fd10
Event: 376.876 Thread 0x000001e0c06299d0 flushing  nmethod 0x000001e0a51c5a10
Event: 376.876 Thread 0x000001e0c06299d0 flushing  nmethod 0x000001e0a51c8f10
Event: 376.876 Thread 0x000001e0c06299d0 flushing  nmethod 0x000001e0a5226010
Event: 376.876 Thread 0x000001e0c06299d0 flushing  nmethod 0x000001e0a53a9a10

Events (20 events):
Event: 80.213 Thread 0x000001e0d5253470 Thread exited: 0x000001e0d5253470
Event: 80.216 Thread 0x000001e0d52513a0 Thread exited: 0x000001e0d52513a0
Event: 80.299 Thread 0x000001e0d28b4370 Thread added: 0x000001e0d5250680
Event: 80.301 Thread 0x000001e0d5250680 Thread exited: 0x000001e0d5250680
Event: 93.032 Thread 0x000001e0d28b4370 Thread added: 0x000001e0d5256260
Event: 93.039 Thread 0x000001e0c06af830 Thread added: 0x000001e0d4ea4760
Event: 93.052 Thread 0x000001e0c06b02d0 Thread added: 0x000001e0c56888f0
Event: 93.082 Thread 0x000001e0d5256260 Thread exited: 0x000001e0d5256260
Event: 94.270 Thread 0x000001e0c56888f0 Thread exited: 0x000001e0c56888f0
Event: 94.270 Thread 0x000001e0d4ea4760 Thread exited: 0x000001e0d4ea4760
Event: 960.348 Thread 0x000001e0c06af830 Thread added: 0x000001e0c50302d0
Event: 960.841 Thread 0x000001e0c50302d0 Thread exited: 0x000001e0c50302d0
Event: 960.846 Thread 0x000001e0c06b02d0 Thread added: 0x000001e0c50302d0
Event: 960.861 Thread 0x000001e0c06b02d0 Thread added: 0x000001e0d5560980
Event: 961.399 Thread 0x000001e0d5560980 Thread exited: 0x000001e0d5560980
Event: 961.399 Thread 0x000001e0c50302d0 Thread exited: 0x000001e0c50302d0
Event: 1942.387 Thread 0x000001e0c06af830 Thread added: 0x000001e0d4547220
Event: 1942.391 Thread 0x000001e0c06af830 Thread added: 0x000001e0d580f410
Event: 1942.625 Thread 0x000001e0d580f410 Thread exited: 0x000001e0d580f410
Event: 1942.625 Thread 0x000001e0d4547220 Thread exited: 0x000001e0d4547220


Dynamic libraries:
0x00007ff6c7790000 - 0x00007ff6c7855000 	C:\Program Files\logisim-evolution\logisim-evolution.exe
0x00007fff02c50000 - 0x00007fff02e48000 	C:\Windows\SYSTEM32\ntdll.dll
0x00007fff01c70000 - 0x00007fff01d32000 	C:\Windows\System32\KERNEL32.DLL
0x00007fff008e0000 - 0x00007fff00bd6000 	C:\Windows\System32\KERNELBASE.dll
0x00007fff021d0000 - 0x00007fff0236d000 	C:\Windows\System32\USER32.dll
0x00007fff00400000 - 0x00007fff00422000 	C:\Windows\System32\win32u.dll
0x00007fff01e40000 - 0x00007fff01e6b000 	C:\Windows\System32\GDI32.dll
0x00007fff002e0000 - 0x00007fff003fa000 	C:\Windows\System32\gdi32full.dll
0x00007fff00840000 - 0x00007fff008dd000 	C:\Windows\System32\msvcp_win.dll
0x00007fff00740000 - 0x00007fff00840000 	C:\Windows\System32\ucrtbase.dll
0x00007fff00e30000 - 0x00007fff0159f000 	C:\Windows\System32\SHELL32.dll
0x00007fff02370000 - 0x00007fff0239f000 	C:\Windows\System32\IMM32.DLL
0x00007fff023a0000 - 0x00007fff0244d000 	C:\Windows\System32\shcore.dll
0x00007fff01d40000 - 0x00007fff01dde000 	C:\Windows\System32\msvcrt.dll
0x00007fff01e70000 - 0x00007fff021c5000 	C:\Windows\System32\combase.dll
0x00007fff01660000 - 0x00007fff01783000 	C:\Windows\System32\RPCRT4.dll
0x00007ffefc0b0000 - 0x00007ffefc0c8000 	C:\Program Files\logisim-evolution\runtime\bin\jli.dll
0x00007ffee7bf0000 - 0x00007ffee7e8a000 	C:\Windows\WinSxS\amd64_microsoft.windows.common-controls_6595b64144ccf1df_6.0.19041.4355_none_60b8b9eb71f62e16\COMCTL32.dll
0x00007ffef76b0000 - 0x00007ffef76cd000 	C:\Program Files\logisim-evolution\runtime\bin\VCRUNTIME140.dll
0x00007ffefc960000 - 0x00007ffefc96c000 	C:\Program Files\logisim-evolution\runtime\bin\vcruntime140_1.dll
0x00007ffeec230000 - 0x00007ffeec2bd000 	C:\Program Files\logisim-evolution\runtime\bin\msvcp140.dll
0x00007ffe32c90000 - 0x00007ffe33a20000 	C:\Program Files\logisim-evolution\runtime\bin\server\jvm.dll
0x00007fff025c0000 - 0x00007fff0266f000 	C:\Windows\System32\ADVAPI32.dll
0x00007fff015c0000 - 0x00007fff0165f000 	C:\Windows\System32\sechost.dll
0x00007fff00710000 - 0x00007fff00737000 	C:\Windows\System32\bcrypt.dll
0x00007fff02670000 - 0x00007fff026db000 	C:\Windows\System32\WS2_32.dll
0x00007ffeff7f0000 - 0x00007ffeff83b000 	C:\Windows\SYSTEM32\POWRPROF.dll
0x00007ffef4630000 - 0x00007ffef463a000 	C:\Windows\SYSTEM32\VERSION.dll
0x00007ffeee2a0000 - 0x00007ffeee2c7000 	C:\Windows\SYSTEM32\WINMM.dll
0x00007ffeff6a0000 - 0x00007ffeff6b2000 	C:\Windows\SYSTEM32\UMPDC.dll
0x00007ffefe140000 - 0x00007ffefe152000 	C:\Windows\SYSTEM32\kernel.appcore.dll
0x00007ffefc0f0000 - 0x00007ffefc0fa000 	C:\Program Files\logisim-evolution\runtime\bin\jimage.dll
0x00007ffef8da0000 - 0x00007ffef8f84000 	C:\Windows\SYSTEM32\DBGHELP.DLL
0x00007ffee8bb0000 - 0x00007ffee8be4000 	C:\Windows\SYSTEM32\dbgcore.DLL
0x00007fff00be0000 - 0x00007fff00c62000 	C:\Windows\System32\bcryptPrimitives.dll
0x00007ffef75e0000 - 0x00007ffef7600000 	C:\Program Files\logisim-evolution\runtime\bin\java.dll
0x00007ffefe340000 - 0x00007ffefeae3000 	C:\Windows\SYSTEM32\windows.storage.dll
0x00007ffeffd10000 - 0x00007ffeffd3b000 	C:\Windows\SYSTEM32\Wldp.dll
0x00007fff01790000 - 0x00007fff0185d000 	C:\Windows\System32\OLEAUT32.dll
0x00007fff01c10000 - 0x00007fff01c65000 	C:\Windows\System32\shlwapi.dll
0x00007fff00210000 - 0x00007fff00235000 	C:\Windows\SYSTEM32\profapi.dll
0x00007ffed7690000 - 0x00007ffed7767000 	C:\Program Files\logisim-evolution\runtime\bin\jsvml.dll
0x00007ffef83d0000 - 0x00007ffef83e0000 	C:\Program Files\logisim-evolution\runtime\bin\net.dll
0x00007ffef8770000 - 0x00007ffef887a000 	C:\Windows\SYSTEM32\WINHTTP.dll
0x00007ffeffa20000 - 0x00007ffeffa8c000 	C:\Windows\system32\mswsock.dll
0x00007ffef7520000 - 0x00007ffef7536000 	C:\Program Files\logisim-evolution\runtime\bin\nio.dll
0x00007ffeec210000 - 0x00007ffeec228000 	C:\Program Files\logisim-evolution\runtime\bin\zip.dll
0x00007ffed7500000 - 0x00007ffed768e000 	C:\Program Files\logisim-evolution\runtime\bin\awt.dll
0x00007ffefc8c0000 - 0x00007ffefc954000 	C:\Windows\SYSTEM32\apphelp.dll
0x00007ffefdc50000 - 0x00007ffefdcee000 	C:\Windows\system32\uxtheme.dll
0x00007fff01860000 - 0x00007fff01975000 	C:\Windows\System32\MSCTF.dll
0x00007fff00c70000 - 0x00007fff00d9b000 	C:\Windows\System32\ole32.dll
0x00007ffefdf60000 - 0x00007ffefdf8f000 	C:\Windows\system32\DWMAPI.DLL
0x00007ffef76a0000 - 0x00007ffef76a9000 	C:\Program Files\logisim-evolution\runtime\bin\prefs.dll
0x00007ffecb700000 - 0x00007ffecb828000 	C:\Windows\system32\opengl32.dll
0x00007ffeebd70000 - 0x00007ffeebd9c000 	C:\Windows\SYSTEM32\GLU32.dll
0x00007ffe88630000 - 0x00007ffe8be74000 	C:\Windows\System32\DriverStore\FileRepository\u0409974.inf_amd64_db5d684bd08db28d\B409690\AMDXN64.DLL
0x00007fff026e0000 - 0x00007fff02b51000 	C:\Windows\System32\SETUPAPI.dll
0x00007fff006c0000 - 0x00007fff0070e000 	C:\Windows\System32\cfgmgr32.dll
0x00007ffefeb30000 - 0x00007ffefec26000 	C:\Windows\SYSTEM32\dxgi.dll
0x00007ffeede60000 - 0x00007ffeede97000 	C:\Windows\System32\DriverStore\FileRepository\u0409974.inf_amd64_db5d684bd08db28d\B409690\amdihk64.dll
0x00007ffef42f0000 - 0x00007ffef432b000 	C:\Windows\SYSTEM32\dxcore.dll
0x00007ffedfa80000 - 0x00007ffedfa86000 	C:\Users\jmsag\AppData\Local\Temp\flatlaf.temp\flatlaf-windows-x86_64-3613197467856000.dll
0x00007ffee0130000 - 0x00007ffee01b7000 	C:\Program Files\logisim-evolution\runtime\bin\freetype.dll
0x00007ffecfc80000 - 0x00007ffecfd62000 	C:\Program Files\logisim-evolution\runtime\bin\fontmanager.dll
0x00007ffefb260000 - 0x00007ffefb274000 	C:\Windows\system32\Wtsapi32.dll
0x00007ffeff310000 - 0x00007ffeff36b000 	C:\Windows\SYSTEM32\WINSTA.dll
0x00007ffef6740000 - 0x00007ffef6749000 	C:\Program Files\logisim-evolution\runtime\bin\extnet.dll
0x00007fff02b60000 - 0x00007fff02c09000 	C:\Windows\System32\clbcatq.dll
0x00007ffefda10000 - 0x00007ffefdbc4000 	C:\Windows\SYSTEM32\WindowsCodecs.dll
0x00007ffedb1d0000 - 0x00007ffedb20e000 	C:\Windows\system32\dataexchange.dll
0x00007ffefa840000 - 0x00007ffefaaa3000 	C:\Windows\system32\d3d11.dll
0x00007ffefb440000 - 0x00007ffefb624000 	C:\Windows\system32\dcomp.dll
0x00007ffef7090000 - 0x00007ffef7293000 	C:\Windows\system32\twinapi.appcore.dll
0x00007ffef3fa0000 - 0x00007ffef3fa7000 	C:\Program Files\logisim-evolution\runtime\bin\jawt.dll
0x00007ffef36d0000 - 0x00007ffef37c9000 	C:\Windows\SYSTEM32\textinputframework.dll
0x00007ffefb630000 - 0x00007ffefb98b000 	C:\Windows\System32\CoreUIComponents.dll
0x00007ffefbe40000 - 0x00007ffefbf32000 	C:\Windows\System32\CoreMessaging.dll
0x00007ffeff530000 - 0x00007ffeff563000 	C:\Windows\SYSTEM32\ntmarta.dll
0x00007ffefcb10000 - 0x00007ffefcc67000 	C:\Windows\SYSTEM32\wintypes.dll
0x00007ffea4230000 - 0x00007ffea42e0000 	C:\Windows\WinSxS\amd64_microsoft.windows.common-controls_6595b64144ccf1df_5.82.19041.4355_none_792ecafd2442822f\comctl32.dll
0x00007ffefd370000 - 0x00007ffefd466000 	C:\Windows\system32\propsys.dll
0x00007ffee1500000 - 0x00007ffee1517000 	C:\Windows\system32\NetworkExplorer.dll
0x00007ffee7050000 - 0x00007ffee706d000 	C:\Windows\SYSTEM32\MPR.dll
0x00007ffee14d0000 - 0x00007ffee14fa000 	C:\Windows\System32\p9np.dll
0x00007ffee14c0000 - 0x00007ffee14cb000 	C:\Windows\System32\drprov.dll
0x00007ffee14a0000 - 0x00007ffee14bf000 	C:\Windows\System32\ntlanman.dll
0x00007ffee1480000 - 0x00007ffee149e000 	C:\Windows\System32\davclnt.dll
0x00007ffee1470000 - 0x00007ffee147d000 	C:\Windows\System32\DAVHLPR.dll
0x00007ffedaf00000 - 0x00007ffedaf67000 	C:\Windows\System32\thumbcache.dll
0x00007ffefd630000 - 0x00007ffefd6d1000 	C:\Windows\SYSTEM32\policymanager.dll
0x00007ffeff370000 - 0x00007ffeff3fa000 	C:\Windows\SYSTEM32\msvcp110_win.dll
0x00007ffeeded0000 - 0x00007ffeee0c1000 	C:\Windows\System32\urlmon.dll
0x00007ffeee300000 - 0x00007ffeee5bf000 	C:\Windows\System32\iertutil.dll
0x00007ffeee2d0000 - 0x00007ffeee2f8000 	C:\Windows\System32\srvcli.dll
0x00007ffeff710000 - 0x00007ffeff71c000 	C:\Windows\System32\netutils.dll
0x00007fff00190000 - 0x00007fff001c2000 	C:\Windows\System32\SspiCli.dll
0x00007ffeff400000 - 0x00007ffeff419000 	C:\Windows\System32\wkscli.dll
0x00007ffeda5a0000 - 0x00007ffeda5b2000 	C:\Windows\SYSTEM32\cscapi.dll
0x00007ffea8dc0000 - 0x00007ffea8e16000 	C:\Windows\System32\dlnashext.dll
0x00007ffef76e0000 - 0x00007ffef7744000 	C:\Windows\System32\PlayToDevice.dll
0x00007ffeebd50000 - 0x00007ffeebd70000 	C:\Windows\System32\DevDispItemProvider.dll
0x00007ffef9a20000 - 0x00007ffef9aa9000 	C:\Windows\System32\MMDevApi.dll
0x00007fff00090000 - 0x00007fff000c3000 	C:\Windows\System32\DEVOBJ.dll
0x00007ffede9f0000 - 0x00007ffedea91000 	C:\Windows\system32\wpdshext.dll
0x00007ffeeb270000 - 0x00007ffeeb418000 	C:\Windows\WinSxS\amd64_microsoft.windows.gdiplus_6595b64144ccf1df_1.1.19041.5369_none_91a453e0cc8824e6\gdiplus.dll
0x00007ffefaab0000 - 0x00007ffefab53000 	C:\Windows\System32\PortableDeviceApi.dll
0x00007fff00430000 - 0x00007fff004a3000 	C:\Windows\System32\WINTRUST.dll
0x00007fff004b0000 - 0x00007fff0060d000 	C:\Windows\System32\CRYPT32.dll
0x00007ffeffea0000 - 0x00007ffeffeb2000 	C:\Windows\SYSTEM32\MSASN1.dll
0x00007ffed9ae0000 - 0x00007ffed9b17000 	C:\Windows\System32\EhStorShell.dll
0x00007ffef8360000 - 0x00007ffef8386000 	C:\Windows\System32\EhStorAPI.dll
0x00007ffedcfb0000 - 0x00007ffedcfbd000 	C:\Windows\SYSTEM32\LINKINFO.dll
0x00007ffeebe40000 - 0x00007ffeebe4c000 	C:\Windows\SYSTEM32\Secur32.dll
0x00007ffef3d60000 - 0x00007ffef3e58000 	C:\Windows\System32\MrmCoreR.dll
0x00007ffeecdb0000 - 0x00007ffeecdc1000 	C:\Windows\SYSTEM32\windows.staterepositorycore.dll
0x00007ffeef680000 - 0x00007ffeef6ad000 	C:\Windows\System32\bcp47mrm.dll
0x00007ffef39e0000 - 0x00007ffef3b1f000 	C:\Windows\System32\Windows.UI.dll
0x00007ffef6ad0000 - 0x00007ffef6b71000 	C:\Windows\System32\WindowManagementAPI.dll
0x00007ffef37d0000 - 0x00007ffef3922000 	C:\Windows\System32\InputHost.dll
0x00007ffee28e0000 - 0x00007ffee2904000 	C:\Windows\SYSTEM32\edputil.dll
0x00007ffeea3e0000 - 0x00007ffeea526000 	C:\Windows\System32\Windows.StateRepositoryPS.dll

dbghelp: loaded successfully - version: 4.0.5 - missing functions: none
symbol engine: initialized successfully - sym options: 0x614 - pdb path: .;C:\Program Files\logisim-evolution;C:\Windows\SYSTEM32;C:\Program Files\logisim-evolution\runtime\bin;C:\Windows\WinSxS\amd64_microsoft.windows.common-controls_6595b64144ccf1df_6.0.19041.4355_none_60b8b9eb71f62e16;C:\Program Files\logisim-evolution\runtime\bin\server;C:\Windows\System32\DriverStore\FileRepository\u0409974.inf_amd64_db5d684bd08db28d\B409690;C:\Users\jmsag\AppData\Local\Temp\flatlaf.temp;C:\Windows\WinSxS\amd64_microsoft.windows.common-controls_6595b64144ccf1df_5.82.19041.4355_none_792ecafd2442822f;C:\Windows\WinSxS\amd64_microsoft.windows.gdiplus_6595b64144ccf1df_1.1.19041.5369_none_91a453e0cc8824e6

VM Arguments:
jvm_args: -Djpackage.app-version=3.9.0 -Djpackage.app-path=C:\Program Files\logisim-evolution\logisim-evolution.exe 
java_command: com.cburch.logisim.Main C:\Users\jmsag\Documents\CSC137 circuits\HW4_3.circ
java_class_path (initial): C:\Program Files\logisim-evolution\app\logisim-evolution-3.9.0-all.jar
Launcher Type: SUN_STANDARD

[Global flags]
     intx CICompilerCount                          = 4                                         {product} {ergonomic}
     uint ConcGCThreads                            = 3                                         {product} {ergonomic}
     uint G1ConcRefinementThreads                  = 10                                        {product} {ergonomic}
   size_t G1HeapRegionSize                         = 4194304                                   {product} {ergonomic}
    uintx GCDrainStackTargetSize                   = 64                                        {product} {ergonomic}
   size_t InitialHeapSize                          = 524288000                                 {product} {ergonomic}
   size_t MarkStackSize                            = 4194304                                   {product} {ergonomic}
   size_t MaxHeapSize                              = 8355053568                                {product} {ergonomic}
   size_t MaxNewSize                               = 5012193280                                {product} {ergonomic}
   size_t MinHeapDeltaBytes                        = 4194304                                   {product} {ergonomic}
   size_t MinHeapSize                              = 8388608                                   {product} {ergonomic}
    uintx NonNMethodCodeHeapSize                   = 5839372                                {pd product} {ergonomic}
    uintx NonProfiledCodeHeapSize                  = 122909434                              {pd product} {ergonomic}
    uintx ProfiledCodeHeapSize                     = 122909434                              {pd product} {ergonomic}
    uintx ReservedCodeCacheSize                    = 251658240                              {pd product} {ergonomic}
     bool SegmentedCodeCache                       = true                                      {product} {ergonomic}
   size_t SoftMaxHeapSize                          = 8355053568                             {manageable} {ergonomic}
     bool UseCompressedOops                        = true                           {product lp64_product} {ergonomic}
     bool UseG1GC                                  = true                                      {product} {ergonomic}
     bool UseLargePagesIndividualAllocation        = false                                  {pd product} {ergonomic}

Logging:
Log output configuration:
 #0: stdout all=warning uptime,level,tags foldmultilines=false
 #1: stderr all=off uptime,level,tags foldmultilines=false

Environment Variables:
JAVA_HOME=C:\Program Files\Java\jdk-21
PATH=C:\Program Files\Common Files\Oracle\Java\javapath;C:\Windows\system32;C:\Windows;C:\Windows\System32\Wbem;C:\Windows\System32\WindowsPowerShell\v1.0\;C:\Windows\System32\OpenSSH\;C:\Program Files\Java\jdk-21\bin;C:\Program Files\dotnet\;C:\Program Files\Git\cmd;C:\Program Files\PuTTY\;C:\Program Files\RedHat\Podman\;C:\Program Files\Mullvad VPN\resources;C:\Users\jmsag\AppData\Local\Programs\Python\Launcher\;C:\Users\jmsag\AppData\Local\Microsoft\WindowsApps;C:\Program Files\JetBrains\IntelliJ IDEA 2023.2.5\bin;;C:\Users\jmsag\AppData\Local\GitHubDesktop\bin;C:\Users\jmsag\AppData\Local\Programs\Microsoft VS Code\bin;C:\Program Files\JetBrains\PyCharm 2024.1.4\bin;;C:\Users\jmsag\.dotnet\tools;C:\Program Files\logisim-evolution\app
USERNAME=jmsag
OS=Windows_NT
PROCESSOR_IDENTIFIER=AMD64 Family 25 Model 97 Stepping 2, AuthenticAMD
TMP=C:\Users\jmsag\AppData\Local\Temp
TEMP=C:\Users\jmsag\AppData\Local\Temp




Periodic native trim disabled

---------------  S Y S T E M  ---------------

OS:
 Windows 10 , 64 bit Build 19041 (10.0.19041.5678)
OS uptime: 4 days 23:41 hours
Hyper-V role detected

CPU: total 12 (initial active 12) (12 cores per cpu, 2 threads per core) family 25 model 97 stepping 2 microcode 0x0, cx8, cmov, fxsr, ht, mmx, 3dnowpref, sse, sse2, sse3, ssse3, sse4a, sse4.1, sse4.2, popcnt, lzcnt, tsc, tscinvbit, avx, avx2, aes, erms, clmul, bmi1, bmi2, adx, avx512f, avx512dq, avx512cd, avx512bw, avx512vl, sha, fma, vzeroupper, avx512_vpopcntdq, avx512_vpclmulqdq, avx512_vaes, avx512_vnni, clflush, clflushopt, avx512_vbmi2, avx512_vbmi, hv, rdtscp, rdpid, fsrm, gfni, avx512_bitalg, f16c, cet_ss, avx512_ifma
Processor Information for the first 12 processors :
  Max Mhz: 4701, Current Mhz: 4701, Mhz Limit: 4701

Memory: 4k page, system-wide physical 31864M (13313M free)
TotalPageFile size 52344M (AvailPageFile size 15152M)
current process WorkingSet (physical memory assigned to process): 66M, peak: 285M
current process commit charge ("private bytes"): 267M, peak: 705M

vm_info: OpenJDK 64-Bit Server VM (21.0.4+7-LTS) for windows-amd64 JRE (21.0.4+7-LTS), built on 2024-07-16T17:40:50Z by "MicrosoftCorporation" with unknown MS VC++:1939

END.
