#
# A fatal error has been detected by the Java Runtime Environment:
#
#  EXCEPTION_ACCESS_VIOLATION (0xc0000005) at pc=0x00007ffed75dbe21, pid=13084, tid=22484
#
# JRE version: OpenJDK Runtime Environment Microsoft-9889606 (21.0.4+7) (build 21.0.4+7-LTS)
# Java VM: OpenJDK 64-Bit Server VM Microsoft-9889606 (21.0.4+7-LTS, mixed mode, tiered, compressed oops, compressed class ptrs, g1 gc, windows-amd64)
# Problematic frame:
# C  [awt.dll+0xdbe21]
#
# No core dump will be written. Minidumps are not enabled by default on client versions of Windows
#
# If you would like to submit a bug report, please visit:
#   https://github.com/microsoft/openjdk/issues
# The crash happened outside the Java Virtual Machine in native code.
# See problematic frame for where to report the bug.
#

---------------  S U M M A R Y ------------

Command Line: -Djpackage.app-version=3.9.0 -Djpackage.app-path=C:\Program Files\logisim-evolution\logisim-evolution.exe com.cburch.logisim.Main C:\Users\jmsag\Documents\CSC137 circuits\HW4_1.circ

Host: AMD Ryzen 5 7600X 6-Core Processor             , 12 cores, 31G,  Windows 10 , 64 bit Build 19041 (10.0.19041.5678)
Time: Mon Apr 28 17:08:34 2025 Pacific Daylight Time elapsed time: 73376.404188 seconds (0d 20h 22m 56s)

---------------  T H R E A D  ---------------

Current thread (0x000001cd7b1a98a0):  JavaThread "AWT-Windows" daemon [_thread_in_native, id=22484, stack(0x0000003851000000,0x0000003851100000) (1024K)]

Stack: [0x0000003851000000,0x0000003851100000],  sp=0x00000038510fe4f0,  free space=1017k
Native frames: (J=compiled Java code, j=interpreted, Vv=VM code, C=native code)
C  [awt.dll+0xdbe21]

Java frames: (J=compiled Java code, j=interpreted, Vv=VM code)
j  sun.awt.windows.WToolkit.eventLoop()V+0 java.desktop@21.0.4
j  sun.awt.windows.WToolkit.run()V+50 java.desktop@21.0.4
j  java.lang.Thread.runWith(Ljava/lang/Object;Ljava/lang/Runnable;)V+5 java.base@21.0.4
j  java.lang.Thread.run()V+19 java.base@21.0.4
v  ~StubRoutines::call_stub 0x000001cd61dd10e7

siginfo: EXCEPTION_ACCESS_VIOLATION (0xc0000005), reading address 0x0000000100000006


Registers:
RAX=0x00000000fffffffe, RBX=0x000001cd0f9489d0, RCX=0x0000000000000000, RDX=0x0000000000000000
RSP=0x00000038510fe4f0, RBP=0x00000038510fe5f9, RSI=0x0000000036011b68, RDI=0x0000000000000001
R8 =0x0000000000000001, R9 =0x00000038510fe5f9, R10=0x0000000000000000, R11=0x0000000000000246
R12=0x00007ffed7500000, R13=0x0000000000000310, R14=0x0000000000000000, R15=0x0000000000000001
RIP=0x00007ffed75dbe21, EFLAGS=0x0000000000010246


Register to memory mapping:

RAX=0x00000000fffffffe is an unknown value
RBX=0x000001cd0f9489d0 points into unknown readable memory: 0x000001cd0fc25ca0 | a0 5c c2 0f cd 01 00 00
RCX=0x0 is null
RDX=0x0 is null
RSP=0x00000038510fe4f0 is pointing into the stack for thread: 0x000001cd7b1a98a0
RBP=0x00000038510fe5f9 is pointing into the stack for thread: 0x000001cd7b1a98a0
RSI=0x0000000036011b68 is an unknown value
RDI=0x0000000000000001 is an unknown value
R8 =0x0000000000000001 is an unknown value
R9 =0x00000038510fe5f9 is pointing into the stack for thread: 0x000001cd7b1a98a0
R10=0x0 is null
R11=0x0000000000000246 is an unknown value
R12=0x00007ffed7500000 awt.dll
R13=0x0000000000000310 is an unknown value
R14=0x0 is null
R15=0x0000000000000001 is an unknown value

Top of Stack: (sp=0x00000038510fe4f0)
0x00000038510fe4f0:   00007ffed763a848 0000000036011b68
0x00000038510fe500:   0000ac3a2c9cd2f9 0000000000000000
0x00000038510fe510:   0000000000000001 00007ffed7597a6c
0x00000038510fe520:   0000000036011b68 000001cd0f6d9f60
0x00000038510fe530:   000001cd0f9489d0 000001cd0f6d9f60
0x00000038510fe540:   000001cd0f6d9f60 00007ffed7597b16
0x00000038510fe550:   0000000000000001 0000000000000000
0x00000038510fe560:   0000000000000000 0000000000000000
0x00000038510fe570:   000001cd0f6d9f60 00007ffed7594e98
0x00000038510fe580:   000001cd0f6d9f60 0000000000000000
0x00000038510fe590:   0000000000000000 0000000000000000
0x00000038510fe5a0:   000000000000c306 00000038510fe788
0x00000038510fe5b0:   0000000000000000 000001cd7b1a98a0
0x00000038510fe5c0:   0000000000000000 00007ffee7c79aaa
0x00000038510fe5d0:   0000000000000000 00007fff02c69877
0x00000038510fe5e0:   00000038510fe6a0 000001cd7b1a9c58
0x00000038510fe5f0:   000001cd0f6da000 0000000000000000
0x00000038510fe600:   00000038510fe888 0000ac3a2c9cd489
0x00000038510fe610:   0000000000000001 0000000000000000
0x00000038510fe620:   0000000000000000 0000000000000000
0x00000038510fe630:   0000000000000000 0000000000000310
0x00000038510fe640:   0000000000000000 000001cd0f6d9f60
0x00000038510fe650:   000001cd0f6d9f60 00007ffed75e102c
0x00000038510fe660:   0000000000000001 0000000000000000
0x00000038510fe670:   0000000000000000 000001cd76954b00
0x00000038510fe680:   000000380000c306 000001cd76954b10
0x00000038510fe690:   0000000000000000 00000000000c2454
0x00000038510fe6a0:   000001cd5186daf0 00007fff021e0317
0x00000038510fe6b0:   0000000000000000 00007fff02c69993
0x00000038510fe6c0:   000000384f671800 00000000ffffffeb
0x00000038510fe6d0:   0000000000000000 0000ac3a2c9cd769
0x00000038510fe6e0:   0000000000000000 0000000000000000 

Instructions: (pc=0x00007ffed75dbe21)
0x00007ffed75dbd21:   83 ec 28 66 0f 6e c2 0f 5b c0 f3 0f 59 41 48 0f
0x00007ffed75dbd31:   5a c8 f2 0f 10 05 75 4f 03 00 f2 0f 5c 0d c5 4e
0x00007ffed75dbd41:   01 00 66 0f 2f c1 76 0a b8 00 00 00 80 48 83 c4
0x00007ffed75dbd51:   28 c3 66 0f 2f 0d 45 98 02 00 76 0a b8 ff ff ff
0x00007ffed75dbd61:   7f 48 83 c4 28 c3 0f 28 c1 e8 b5 0d 01 00 f2 0f
0x00007ffed75dbd71:   2c c0 48 83 c4 28 c3 cc cc cc cc cc cc cc cc 48
0x00007ffed75dbd81:   83 ec 28 66 0f 6e c2 0f 5b c0 f3 0f 59 41 4c 0f
0x00007ffed75dbd91:   5a c8 f2 0f 10 05 15 4f 03 00 f2 0f 5c 0d 65 4e
0x00007ffed75dbda1:   01 00 66 0f 2f c1 76 0a b8 00 00 00 80 48 83 c4
0x00007ffed75dbdb1:   28 c3 66 0f 2f 0d e5 97 02 00 76 0a b8 ff ff ff
0x00007ffed75dbdc1:   7f 48 83 c4 28 c3 0f 28 c1 e8 55 0d 01 00 f2 0f
0x00007ffed75dbdd1:   2c c0 48 83 c4 28 c3 cc cc cc cc cc cc cc cc 48
0x00007ffed75dbde1:   8b 49 08 48 85 c9 0f 85 63 7f fe ff 33 c0 c3 48
0x00007ffed75dbdf1:   89 5c 24 08 48 89 74 24 10 57 48 83 ec 20 8b fa
0x00007ffed75dbe01:   48 8b f1 e8 77 c0 f4 ff 48 8b d8 48 89 44 24 40
0x00007ffed75dbe11:   41 b8 01 00 00 00 8b d7 48 8b c8 e8 cf bf f4 ff
0x00007ffed75dbe21:   48 8b 48 08 48 85 c9 74 0d 48 8b d6 e8 1e 7f fe
0x00007ffed75dbe31:   ff 48 8b f8 eb 02 33 ff 48 8b cb e8 ff c1 f4 ff
0x00007ffed75dbe41:   90 48 8b c7 48 8b 5c 24 30 48 8b 74 24 38 48 83
0x00007ffed75dbe51:   c4 20 5f c3 cc cc cc cc cc cc cc cc cc cc cc 48
0x00007ffed75dbe61:   8b 01 89 10 c3 cc cc cc cc cc cc cc cc cc cc 40
0x00007ffed75dbe71:   57 48 83 ec 40 48 83 79 38 00 48 8b f9 0f 84 96
0x00007ffed75dbe81:   01 00 00 48 8b 0d f5 af 06 00 ba 02 00 01 00 48
0x00007ffed75dbe91:   89 5c 24 58 48 89 74 24 68 e8 4b f6 00 00 4c 8b
0x00007ffed75dbea1:   05 72 b5 06 00 48 8b c8 48 8b 57 38 48 8b d8 4c
0x00007ffed75dbeb1:   8b 08 41 ff 91 f8 02 00 00 48 8b f0 48 85 c0 0f
0x00007ffed75dbec1:   84 4a 01 00 00 4c 8b 0b 48 8b d0 4c 8b 05 35 b5
0x00007ffed75dbed1:   06 00 48 8b cb 41 ff 91 00 01 00 00 84 c0 0f 84
0x00007ffed75dbee1:   2b 01 00 00 48 8b 7f 08 48 8b d6 48 8b 03 48 8b
0x00007ffed75dbef1:   cb 4c 8b 05 27 b5 06 00 48 81 c7 00 04 00 00 48
0x00007ffed75dbf01:   89 6c 24 60 4c 89 7c 24 20 ff 90 f8 02 00 00 4c
0x00007ffed75dbf11:   8b 0b 48 8b d6 4c 8b 05 0b b5 06 00 48 8b cb 4c 


Stack slot to memory mapping:

stack at sp + 0 slots: 0x00007ffed763a848 awt.dll
stack at sp + 1 slots: 0x0000000036011b68 is an unknown value
stack at sp + 2 slots: 0x0000ac3a2c9cd2f9 is an unknown value
stack at sp + 3 slots: 0x0 is null
stack at sp + 4 slots: 0x0000000000000001 is an unknown value
stack at sp + 5 slots: 0x00007ffed7597a6c awt.dll
stack at sp + 6 slots: 0x0000000036011b68 is an unknown value
stack at sp + 7 slots: 0x000001cd0f6d9f60 points into unknown readable memory: 0x00007ffed760c8f0 | f0 c8 60 d7 fe 7f 00 00


---------------  P R O C E S S  ---------------

Threads class SMR info:
_java_thread_list=0x000001cd0f9ceac0, length=24, elements={
0x000001cd76720640, 0x000001cd767178b0, 0x000001cd767334d0, 0x000001cd76734020,
0x000001cd76734b70, 0x000001cd767356c0, 0x000001cd7674d330, 0x000001cd767514a0,
0x000001cd76900270, 0x000001cd769008e0, 0x000001cd7b0700f0, 0x000001cd7b1adbf0,
0x000001cd7b1a98a0, 0x000001cd7b1d4f20, 0x000001cd0f3f4730, 0x000001cd0f3d06f0,
0x000001cd0f21ff10, 0x000001cd0f221fe0, 0x000001cd0f21eb60, 0x000001cd0f21f880,
0x000001cd0f220c30, 0x000001cd0f221950, 0x000001cd10c10ff0, 0x000001cd10c11d10
}

Java Threads: ( => current thread )
  0x000001cd76720640 JavaThread "Reference Handler"          daemon [_thread_blocked, id=18120, stack(0x0000003850300000,0x0000003850400000) (1024K)]
  0x000001cd767178b0 JavaThread "Finalizer"                  daemon [_thread_blocked, id=31544, stack(0x0000003850400000,0x0000003850500000) (1024K)]
  0x000001cd767334d0 JavaThread "Signal Dispatcher"          daemon [_thread_blocked, id=22888, stack(0x0000003850500000,0x0000003850600000) (1024K)]
  0x000001cd76734020 JavaThread "Attach Listener"            daemon [_thread_blocked, id=11576, stack(0x0000003850600000,0x0000003850700000) (1024K)]
  0x000001cd76734b70 JavaThread "Service Thread"             daemon [_thread_blocked, id=32496, stack(0x0000003850700000,0x0000003850800000) (1024K)]
  0x000001cd767356c0 JavaThread "Monitor Deflation Thread"   daemon [_thread_blocked, id=31060, stack(0x0000003850800000,0x0000003850900000) (1024K)]
  0x000001cd7674d330 JavaThread "C2 CompilerThread0"         daemon [_thread_blocked, id=4592, stack(0x0000003850900000,0x0000003850a00000) (1024K)]
  0x000001cd767514a0 JavaThread "C1 CompilerThread0"         daemon [_thread_blocked, id=26992, stack(0x0000003850a00000,0x0000003850b00000) (1024K)]
  0x000001cd76900270 JavaThread "Notification Thread"        daemon [_thread_blocked, id=25128, stack(0x0000003850b00000,0x0000003850c00000) (1024K)]
  0x000001cd769008e0 JavaThread "Common-Cleaner"             daemon [_thread_blocked, id=32360, stack(0x0000003850c00000,0x0000003850d00000) (1024K)]
  0x000001cd7b0700f0 JavaThread "Java2D Disposer"            daemon [_thread_blocked, id=25404, stack(0x0000003850e00000,0x0000003850f00000) (1024K)]
  0x000001cd7b1adbf0 JavaThread "AWT-Shutdown"                      [_thread_blocked, id=22500, stack(0x0000003850f00000,0x0000003851000000) (1024K)]
=>0x000001cd7b1a98a0 JavaThread "AWT-Windows"                daemon [_thread_in_native, id=22484, stack(0x0000003851000000,0x0000003851100000) (1024K)]
  0x000001cd7b1d4f20 JavaThread "Event Dispatch Thread"      daemon [_thread_blocked, id=32756, stack(0x0000003851100000,0x0000003851200000) (1024K)]
  0x000001cd0f3f4730 JavaThread "AWT-EventQueue-0"                  [_thread_in_native, id=24848, stack(0x0000003852b00000,0x0000003852c00000) (1024K)]
  0x000001cd0f3d06f0 JavaThread "D3D Screen Updater"         daemon [_thread_in_native, id=17052, stack(0x0000003852c00000,0x0000003852d00000) (1024K)]
  0x000001cd0f21ff10 JavaThread "AutosaveThread-0-0"                [_thread_blocked, id=14816, stack(0x0000003852a00000,0x0000003852b00000) (1024K)]
  0x000001cd0f221fe0 JavaThread "SimThread-0"                       [_thread_blocked, id=28844, stack(0x0000003853a00000,0x0000003853b00000) (1024K)]
  0x000001cd0f21eb60 JavaThread "DestroyJavaVM"                     [_thread_blocked, id=26352, stack(0x000000384fb00000,0x000000384fc00000) (1024K)]
  0x000001cd0f21f880 JavaThread "Timer-0"                           [_thread_blocked, id=26216, stack(0x0000003853c00000,0x0000003853d00000) (1024K)]
  0x000001cd0f220c30 JavaThread "CanvasPaintThread-0"               [_thread_blocked, id=20324, stack(0x0000003853d00000,0x0000003853e00000) (1024K)]
  0x000001cd0f221950 JavaThread "TimerQueue"                 daemon [_thread_blocked, id=28616, stack(0x0000003853e00000,0x0000003853f00000) (1024K)]
  0x000001cd10c10ff0 JavaThread "AutosaveThread-1-0"                [_thread_blocked, id=27932, stack(0x0000003850d00000,0x0000003850e00000) (1024K)]
  0x000001cd10c11d10 JavaThread "Swing-Shell"                daemon [_thread_blocked, id=27856, stack(0x000000384f900000,0x000000384fa00000) (1024K)]
Total: 24

Other Threads:
  0x000001cd76664080 VMThread "VM Thread"                           [id=10152, stack(0x0000003850200000,0x0000003850300000) (1024K)]
  0x000001cd73b84470 WatcherThread "VM Periodic Task Thread"        [id=30596, stack(0x0000003850100000,0x0000003850200000) (1024K)]
  0x000001cd535ed600 WorkerThread "GC Thread#0"                     [id=27796, stack(0x000000384fc00000,0x000000384fd00000) (1024K)]
  0x000001cd7e4b8a40 WorkerThread "GC Thread#1"                     [id=30348, stack(0x0000003852d00000,0x0000003852e00000) (1024K)]
  0x000001cd7e4b9520 WorkerThread "GC Thread#2"                     [id=9684, stack(0x0000003852e00000,0x0000003852f00000) (1024K)]
  0x000001cd0f474720 WorkerThread "GC Thread#3"                     [id=21096, stack(0x0000003852f00000,0x0000003853000000) (1024K)]
  0x000001cd0f473c40 WorkerThread "GC Thread#4"                     [id=33252, stack(0x0000003853000000,0x0000003853100000) (1024K)]
  0x000001cd0f473fe0 WorkerThread "GC Thread#5"                     [id=16248, stack(0x0000003853100000,0x0000003853200000) (1024K)]
  0x000001cd0f473500 WorkerThread "GC Thread#6"                     [id=33012, stack(0x0000003853200000,0x0000003853300000) (1024K)]
  0x000001cd0f475200 WorkerThread "GC Thread#7"                     [id=24196, stack(0x0000003853300000,0x0000003853400000) (1024K)]
  0x000001cd0f472a20 WorkerThread "GC Thread#8"                     [id=3308, stack(0x0000003853400000,0x0000003853500000) (1024K)]
  0x000001cd0f474ac0 WorkerThread "GC Thread#9"                     [id=21584, stack(0x0000003853500000,0x0000003853600000) (1024K)]
  0x000001cd739b3ed0 ConcurrentGCThread "G1 Main Marker"            [id=25324, stack(0x000000384fd00000,0x000000384fe00000) (1024K)]
  0x000001cd739b49d0 WorkerThread "G1 Conc#0"                       [id=8604, stack(0x000000384fe00000,0x000000384ff00000) (1024K)]
  0x000001cd0f473160 WorkerThread "G1 Conc#1"                       [id=24300, stack(0x0000003853600000,0x0000003853700000) (1024K)]
  0x000001cd0f474380 WorkerThread "G1 Conc#2"                       [id=19636, stack(0x0000003853700000,0x0000003853800000) (1024K)]
  0x000001cd73a55dc0 ConcurrentGCThread "G1 Refine#0"               [id=17164, stack(0x000000384ff00000,0x0000003850000000) (1024K)]
  0x000001cd73a56930 ConcurrentGCThread "G1 Service"                [id=27660, stack(0x0000003850000000,0x0000003850100000) (1024K)]
Total: 18

Threads with active compile tasks:
Total: 0

VM state: not at safepoint (normal execution)

VM Mutex/Monitor currently owned by a thread: None

Heap address: 0x000000060e000000, size: 7968 MB, Compressed Oops mode: Zero based, Oop shift amount: 3

CDS archive(s) not mapped
Compressed class space mapped at: 0x0000000800000000-0x0000000840000000, reserved size: 1073741824
Narrow klass base: 0x0000000800000000, Narrow klass shift: 0, Narrow klass range: 0x40000000

GC Precious Log:
 CardTable entry size: 512
 Card Set container configuration: InlinePtr #cards 4 size 8 Array Of Cards #cards 32 size 80 Howl #buckets 8 coarsen threshold 7372 Howl Bitmap #cards 1024 size 144 coarsen threshold 921 Card regions per heap region 1 cards per card region 8192
 CPUs: 12 total, 12 available
 Memory: 31864M
 Large Page Support: Disabled
 NUMA Support: Disabled
 Compressed Oops: Enabled (Zero based)
 Heap Region Size: 4M
 Heap Min Capacity: 8M
 Heap Initial Capacity: 500M
 Heap Max Capacity: 7968M
 Pre-touch: Disabled
 Parallel Workers: 10
 Concurrent Workers: 3
 Concurrent Refinement Workers: 10
 Periodic GC: Disabled

Heap:
 garbage-first heap   total 53248K, used 29713K [0x000000060e000000, 0x0000000800000000)
  region size 4096K, 4 young (16384K), 1 survivors (4096K)
 Metaspace       used 39370K, committed 39744K, reserved 1114112K
  class space    used 4565K, committed 4736K, reserved 1048576K

Heap Regions: E=young(eden), S=young(survivor), O=old, HS=humongous(starts), HC=humongous(continues), CS=collection set, F=free, TAMS=top-at-mark-start, PB=parsable bottom
|   0|0x000000060e000000, 0x000000060e400000, 0x000000060e400000|100%| O|  |TAMS 0x000000060e000000| PB 0x000000060e000000| Untracked 
|   1|0x000000060e400000, 0x000000060e800000, 0x000000060e800000|100%| O|  |TAMS 0x000000060e400000| PB 0x000000060e400000| Untracked 
|   2|0x000000060e800000, 0x000000060ec00000, 0x000000060ec00000|100%| O|  |TAMS 0x000000060e800000| PB 0x000000060e800000| Untracked 
|   3|0x000000060ec00000, 0x000000060f000000, 0x000000060f000000|100%|HS|  |TAMS 0x000000060ec00000| PB 0x000000060ec00000| Complete 
|   4|0x000000060f000000, 0x000000060f400000, 0x000000060f400000|100%|HC|  |TAMS 0x000000060f000000| PB 0x000000060f000000| Complete 
|   5|0x000000060f400000, 0x000000060f400000, 0x000000060f800000|  0%| F|  |TAMS 0x000000060f400000| PB 0x000000060f400000| Untracked 
|   6|0x000000060f800000, 0x000000060f800000, 0x000000060fc00000|  0%| F|  |TAMS 0x000000060f800000| PB 0x000000060f800000| Untracked 
|   7|0x000000060fc00000, 0x000000060fc00000, 0x0000000610000000|  0%| F|  |TAMS 0x000000060fc00000| PB 0x000000060fc00000| Untracked 
|   8|0x0000000610000000, 0x0000000610108840, 0x0000000610400000| 25%| E|  |TAMS 0x0000000610000000| PB 0x0000000610000000| Complete 
|   9|0x0000000610400000, 0x00000006104ff480, 0x0000000610800000| 24%| S|CS|TAMS 0x0000000610400000| PB 0x0000000610400000| Complete 
| 122|0x000000062c800000, 0x000000062cc00000, 0x000000062cc00000|100%| E|CS|TAMS 0x000000062c800000| PB 0x000000062c800000| Complete 
| 124|0x000000062d000000, 0x000000062d400000, 0x000000062d400000|100%| E|CS|TAMS 0x000000062d000000| PB 0x000000062d000000| Complete 
|1991|0x00000007ffc00000, 0x00000007ffc050a0, 0x0000000800000000|  0%| O|  |TAMS 0x00000007ffc00000| PB 0x00000007ffc00000| Untracked 

Card table byte_map: [0x000001cd6ada0000,0x000001cd6bd30000] _byte_map_base: 0x000001cd67d30000

Marking Bits: (CMBitMap*) 0x000001cd535ee510
 Bits: [0x000001cd6bd30000, 0x000001cd739b0000)

Polling page: 0x000001cd51290000

Metaspace:

Usage:
  Non-class:     33.99 MB used.
      Class:      4.46 MB used.
       Both:     38.45 MB used.

Virtual space:
  Non-class space:       64.00 MB reserved,      34.19 MB ( 53%) committed,  1 nodes.
      Class space:        1.00 GB reserved,       4.62 MB ( <1%) committed,  1 nodes.
             Both:        1.06 GB reserved,      38.81 MB (  4%) committed. 

Chunk freelists:
   Non-Class:  12.98 MB
       Class:  11.21 MB
        Both:  24.19 MB

MaxMetaspaceSize: unlimited
CompressedClassSpaceSize: 1.00 GB
Initial GC threshold: 21.00 MB
Current GC threshold: 64.31 MB
CDS: off
 - commit_granule_bytes: 65536.
 - commit_granule_words: 8192.
 - virtual_space_node_default_size: 8388608.
 - enlarge_chunks_in_place: 1.
 - use_allocation_guard: 0.


Internal statistics:

num_allocs_failed_limit: 6.
num_arena_births: 414.
num_arena_deaths: 0.
num_vsnodes_births: 2.
num_vsnodes_deaths: 0.
num_space_committed: 621.
num_space_uncommitted: 0.
num_chunks_returned_to_freelist: 6.
num_chunks_taken_from_freelist: 1025.
num_chunk_merges: 6.
num_chunk_splits: 651.
num_chunks_enlarged: 411.
num_inconsistent_stats: 0.

CodeHeap 'non-profiled nmethods': size=120000Kb used=7621Kb max_used=7785Kb free=112378Kb
 bounds [0x000001cd62370000, 0x000001cd62b10000, 0x000001cd698a0000]
CodeHeap 'profiled nmethods': size=120000Kb used=13783Kb max_used=15941Kb free=106217Kb
 bounds [0x000001cd5a8a0000, 0x000001cd5b840000, 0x000001cd61dd0000]
CodeHeap 'non-nmethods': size=5760Kb used=2127Kb max_used=2154Kb free=3632Kb
 bounds [0x000001cd61dd0000, 0x000001cd62040000, 0x000001cd62370000]
 total_blobs=7686 nmethods=6809 adapters=779
 compilation: enabled
              stopped_count=0, restarted_count=0
 full_count=0

Compilation events (20 events):
Event: 5750.170 Thread 0x000001cd7674d330 7810       4       sun.java2d.SunGraphics2D::constrain (216 bytes)
Event: 5750.179 Thread 0x000001cd7674d330 nmethod 7810 0x000001cd625ea490 code [0x000001cd625ea740, 0x000001cd625ebe38]
Event: 5750.179 Thread 0x000001cd7674d330 7811       4       java.util.HashMap::remove (26 bytes)
Event: 5750.180 Thread 0x000001cd7674d330 nmethod 7811 0x000001cd62404410 code [0x000001cd624045a0, 0x000001cd62404700]
Event: 5750.281 Thread 0x000001cd7674d330 7812   !   4       java.awt.Container::getMouseEventTargetImpl (255 bytes)
Event: 5750.290 Thread 0x000001cd7674d330 nmethod 7812 0x000001cd6247ca10 code [0x000001cd6247cd00, 0x000001cd6247e838]
Event: 5750.495 Thread 0x000001cd7674d330 7813       4       java.awt.EventQueue::coalesceEvent (86 bytes)
Event: 5750.496 Thread 0x000001cd7674d330 nmethod 7813 0x000001cd6257c110 code [0x000001cd6257c2e0, 0x000001cd6257c4d8]
Event: 5751.013 Thread 0x000001cd7674d330 7814   !   4       java.util.concurrent.locks.AbstractQueuedSynchronizer$ConditionObject::await (185 bytes)
Event: 5751.023 Thread 0x000001cd7674d330 nmethod 7814 0x000001cd62552f90 code [0x000001cd62553260, 0x000001cd62554350]
Event: 5751.130 Thread 0x000001cd7674d330 7815       4       java.awt.EventQueue::eventToCacheIndex (80 bytes)
Event: 5751.130 Thread 0x000001cd7674d330 nmethod 7815 0x000001cd6257bd90 code [0x000001cd6257bf20, 0x000001cd6257c020]
Event: 5751.457 Thread 0x000001cd7674d330 7816       4       sun.awt.windows.WToolkit::showOrHideTouchKeyboard (199 bytes)
Event: 5751.458 Thread 0x000001cd7674d330 nmethod 7816 0x000001cd6257b610 code [0x000001cd6257b7e0, 0x000001cd6257ba98]
Event: 5751.675 Thread 0x000001cd7674d330 7817       4       java.awt.EventQueue::getNextEventPrivate (76 bytes)
Event: 5751.678 Thread 0x000001cd7674d330 nmethod 7817 0x000001cd6257ad10 code [0x000001cd6257aec0, 0x000001cd6257b3c8]
Event: 5752.213 Thread 0x000001cd7674d330 7818   !   4       sun.java2d.d3d.D3DScreenUpdateManager::runUpdateNow (99 bytes)
Event: 5752.216 Thread 0x000001cd7674d330 nmethod 7818 0x000001cd62573990 code [0x000001cd62573b80, 0x000001cd625742a0]
Event: 67128.642 Thread 0x000001cd767514a0 7819       3       java.util.concurrent.locks.AbstractQueuedSynchronizer$ConditionObject::unlinkCancelledWaiters (91 bytes)
Event: 67128.643 Thread 0x000001cd767514a0 nmethod 7819 0x000001cd5ad08890 code [0x000001cd5ad08a60, 0x000001cd5ad08f18]

GC Heap History (20 events):
Event: 846.911 GC heap before
{Heap before GC invocations=35 (full 0):
 garbage-first heap   total 40960K, used 31485K [0x000000060e000000, 0x0000000800000000)
  region size 4096K, 6 young (24576K), 1 survivors (4096K)
 Metaspace       used 36415K, committed 36800K, reserved 1114112K
  class space    used 4182K, committed 4352K, reserved 1048576K
}
Event: 846.911 GC heap after
{Heap after GC invocations=36 (full 0):
 garbage-first heap   total 40960K, used 10955K [0x000000060e000000, 0x0000000800000000)
  region size 4096K, 1 young (4096K), 1 survivors (4096K)
 Metaspace       used 36415K, committed 36800K, reserved 1114112K
  class space    used 4182K, committed 4352K, reserved 1048576K
}
Event: 857.881 GC heap before
{Heap before GC invocations=36 (full 0):
 garbage-first heap   total 40960K, used 31435K [0x000000060e000000, 0x0000000800000000)
  region size 4096K, 6 young (24576K), 1 survivors (4096K)
 Metaspace       used 36740K, committed 37120K, reserved 1114112K
  class space    used 4202K, committed 4352K, reserved 1048576K
}
Event: 857.881 GC heap after
{Heap after GC invocations=37 (full 0):
 garbage-first heap   total 40960K, used 12416K [0x000000060e000000, 0x0000000800000000)
  region size 4096K, 1 young (4096K), 1 survivors (4096K)
 Metaspace       used 36740K, committed 37120K, reserved 1114112K
  class space    used 4202K, committed 4352K, reserved 1048576K
}
Event: 862.089 GC heap before
{Heap before GC invocations=37 (full 0):
 garbage-first heap   total 40960K, used 32896K [0x000000060e000000, 0x0000000800000000)
  region size 4096K, 6 young (24576K), 1 survivors (4096K)
 Metaspace       used 36805K, committed 37120K, reserved 1114112K
  class space    used 4202K, committed 4352K, reserved 1048576K
}
Event: 862.089 GC heap after
{Heap after GC invocations=38 (full 0):
 garbage-first heap   total 40960K, used 12717K [0x000000060e000000, 0x0000000800000000)
  region size 4096K, 1 young (4096K), 1 survivors (4096K)
 Metaspace       used 36805K, committed 37120K, reserved 1114112K
  class space    used 4202K, committed 4352K, reserved 1048576K
}
Event: 867.037 GC heap before
{Heap before GC invocations=38 (full 0):
 garbage-first heap   total 40960K, used 33197K [0x000000060e000000, 0x0000000800000000)
  region size 4096K, 6 young (24576K), 1 survivors (4096K)
 Metaspace       used 36826K, committed 37120K, reserved 1114112K
  class space    used 4202K, committed 4352K, reserved 1048576K
}
Event: 867.038 GC heap after
{Heap after GC invocations=39 (full 0):
 garbage-first heap   total 40960K, used 12806K [0x000000060e000000, 0x0000000800000000)
  region size 4096K, 1 young (4096K), 1 survivors (4096K)
 Metaspace       used 36826K, committed 37120K, reserved 1114112K
  class space    used 4202K, committed 4352K, reserved 1048576K
}
Event: 877.807 GC heap before
{Heap before GC invocations=39 (full 0):
 garbage-first heap   total 40960K, used 20998K [0x000000060e000000, 0x0000000800000000)
  region size 4096K, 4 young (16384K), 1 survivors (4096K)
 Metaspace       used 38668K, committed 39040K, reserved 1114112K
  class space    used 4505K, committed 4672K, reserved 1048576K
}
Event: 877.808 GC heap after
{Heap after GC invocations=40 (full 0):
 garbage-first heap   total 40960K, used 13849K [0x000000060e000000, 0x0000000800000000)
  region size 4096K, 1 young (4096K), 1 survivors (4096K)
 Metaspace       used 38668K, committed 39040K, reserved 1114112K
  class space    used 4505K, committed 4672K, reserved 1048576K
}
Event: 877.876 GC heap before
{Heap before GC invocations=40 (full 0):
 garbage-first heap   total 40960K, used 38425K [0x000000060e000000, 0x0000000800000000)
  region size 4096K, 5 young (20480K), 1 survivors (4096K)
 Metaspace       used 39103K, committed 39488K, reserved 1114112K
  class space    used 4552K, committed 4736K, reserved 1048576K
}
Event: 877.877 GC heap after
{Heap after GC invocations=41 (full 0):
 garbage-first heap   total 49152K, used 21919K [0x000000060e000000, 0x0000000800000000)
  region size 4096K, 1 young (4096K), 1 survivors (4096K)
 Metaspace       used 39103K, committed 39488K, reserved 1114112K
  class space    used 4552K, committed 4736K, reserved 1048576K
}
Event: 897.556 GC heap before
{Heap before GC invocations=41 (full 0):
 garbage-first heap   total 49152K, used 34207K [0x000000060e000000, 0x0000000800000000)
  region size 4096K, 4 young (16384K), 1 survivors (4096K)
 Metaspace       used 39124K, committed 39488K, reserved 1114112K
  class space    used 4552K, committed 4736K, reserved 1048576K
}
Event: 897.557 GC heap after
{Heap after GC invocations=42 (full 0):
 garbage-first heap   total 49152K, used 21347K [0x000000060e000000, 0x0000000800000000)
  region size 4096K, 1 young (4096K), 1 survivors (4096K)
 Metaspace       used 39124K, committed 39488K, reserved 1114112K
  class space    used 4552K, committed 4736K, reserved 1048576K
}
Event: 903.570 GC heap before
{Heap before GC invocations=43 (full 0):
 garbage-first heap   total 49152K, used 33635K [0x000000060e000000, 0x0000000800000000)
  region size 4096K, 4 young (16384K), 1 survivors (4096K)
 Metaspace       used 39155K, committed 39552K, reserved 1114112K
  class space    used 4554K, committed 4736K, reserved 1048576K
}
Event: 903.571 GC heap after
{Heap after GC invocations=44 (full 0):
 garbage-first heap   total 49152K, used 13100K [0x000000060e000000, 0x0000000800000000)
  region size 4096K, 1 young (4096K), 1 survivors (4096K)
 Metaspace       used 39155K, committed 39552K, reserved 1114112K
  class space    used 4554K, committed 4736K, reserved 1048576K
}
Event: 912.392 GC heap before
{Heap before GC invocations=44 (full 0):
 garbage-first heap   total 49152K, used 25388K [0x000000060e000000, 0x0000000800000000)
  region size 4096K, 5 young (20480K), 1 survivors (4096K)
 Metaspace       used 39237K, committed 39616K, reserved 1114112K
  class space    used 4554K, committed 4736K, reserved 1048576K
}
Event: 912.393 GC heap after
{Heap after GC invocations=45 (full 0):
 garbage-first heap   total 49152K, used 13862K [0x000000060e000000, 0x0000000800000000)
  region size 4096K, 1 young (4096K), 1 survivors (4096K)
 Metaspace       used 39237K, committed 39616K, reserved 1114112K
  class space    used 4554K, committed 4736K, reserved 1048576K
}
Event: 1290.147 GC heap before
{Heap before GC invocations=45 (full 0):
 garbage-first heap   total 49152K, used 38438K [0x000000060e000000, 0x0000000800000000)
  region size 4096K, 6 young (24576K), 1 survivors (4096K)
 Metaspace       used 39255K, committed 39680K, reserved 1114112K
  class space    used 4554K, committed 4736K, reserved 1048576K
}
Event: 1290.148 GC heap after
{Heap after GC invocations=46 (full 0):
 garbage-first heap   total 53248K, used 21521K [0x000000060e000000, 0x0000000800000000)
  region size 4096K, 1 young (4096K), 1 survivors (4096K)
 Metaspace       used 39255K, committed 39680K, reserved 1114112K
  class space    used 4554K, committed 4736K, reserved 1048576K
}

Dll operation events (12 events):
Event: 0.003 Loaded shared library C:\Program Files\logisim-evolution\runtime\bin\java.dll
Event: 0.022 Loaded shared library C:\Program Files\logisim-evolution\runtime\bin\jsvml.dll
Event: 0.036 Loaded shared library C:\Program Files\logisim-evolution\runtime\bin\net.dll
Event: 0.036 Loaded shared library C:\Program Files\logisim-evolution\runtime\bin\nio.dll
Event: 0.042 Loaded shared library C:\Program Files\logisim-evolution\runtime\bin\zip.dll
Event: 0.053 Loaded shared library C:\Program Files\logisim-evolution\runtime\bin\awt.dll
Event: 0.066 Loaded shared library C:\Program Files\logisim-evolution\runtime\bin\jimage.dll
Event: 0.116 Loaded shared library C:\Program Files\logisim-evolution\runtime\bin\prefs.dll
Event: 0.290 Loaded shared library C:\Users\jmsag\AppData\Local\Temp\flatlaf.temp\flatlaf-windows-x86_64-3575380441979000.dll
Event: 0.313 Loaded shared library C:\Program Files\logisim-evolution\runtime\bin\freetype.dll
Event: 0.314 Loaded shared library C:\Program Files\logisim-evolution\runtime\bin\fontmanager.dll
Event: 5.865 Loaded shared library C:\Program Files\logisim-evolution\runtime\bin\extnet.dll

Deoptimization events (20 events):
Event: 1312.062 Thread 0x000001cd0f3f4730 Uncommon trap: trap_request=0xffffff45 fr.pc=0x000001cd625b4b24 relative=0x00000000000003e4
Event: 1312.062 Thread 0x000001cd0f3f4730 Uncommon trap: reason=unstable_if action=reinterpret pc=0x000001cd625b4b24 method=java.awt.EventQueue.eventToCacheIndex(Ljava/awt/AWTEvent;)I @ 58 c2
Event: 1312.062 Thread 0x000001cd0f3f4730 DEOPT PACKING pc=0x000001cd625b4b24 sp=0x0000003852bfeec0
Event: 1312.062 Thread 0x000001cd0f3f4730 DEOPT UNPACKING pc=0x000001cd61e27da2 sp=0x0000003852bfed98 mode 2
Event: 1312.063 Thread 0x000001cd0f3f4730 Uncommon trap: trap_request=0xffffff45 fr.pc=0x000001cd629ad338 relative=0x0000000000000178
Event: 1312.063 Thread 0x000001cd0f3f4730 Uncommon trap: reason=unstable_if action=reinterpret pc=0x000001cd629ad338 method=java.awt.EventQueue.eventToCacheIndex(Ljava/awt/AWTEvent;)I @ 58 c2
Event: 1312.063 Thread 0x000001cd0f3f4730 DEOPT PACKING pc=0x000001cd629ad338 sp=0x0000003852bfee50
Event: 1312.063 Thread 0x000001cd0f3f4730 DEOPT UNPACKING pc=0x000001cd61e27da2 sp=0x0000003852bfeda0 mode 2
Event: 5752.294 Thread 0x000001cd7b1a98a0 Uncommon trap: trap_request=0xffffff45 fr.pc=0x000001cd626ef22c relative=0x00000000000002cc
Event: 5752.294 Thread 0x000001cd7b1a98a0 Uncommon trap: reason=unstable_if action=reinterpret pc=0x000001cd626ef22c method=sun.awt.windows.WWindowPeer.preprocessPostEvent(Ljava/awt/AWTEvent;)V @ 4 c2
Event: 5752.294 Thread 0x000001cd7b1a98a0 DEOPT PACKING pc=0x000001cd626ef22c sp=0x00000038510fcba0
Event: 5752.295 Thread 0x000001cd7b1a98a0 DEOPT UNPACKING pc=0x000001cd61e27da2 sp=0x00000038510fcb00 mode 2
Event: 5752.295 Thread 0x000001cd0f3f4730 Uncommon trap: trap_request=0xffffff45 fr.pc=0x000001cd6283f5b4 relative=0x00000000000007d4
Event: 5752.295 Thread 0x000001cd0f3f4730 Uncommon trap: reason=unstable_if action=reinterpret pc=0x000001cd6283f5b4 method=javax.swing.RepaintManager.addDirtyRegion0(Ljava/awt/Container;IIII)V @ 108 c2
Event: 5752.295 Thread 0x000001cd0f3f4730 DEOPT PACKING pc=0x000001cd6283f5b4 sp=0x0000003852bfe520
Event: 5752.295 Thread 0x000001cd0f3f4730 DEOPT UNPACKING pc=0x000001cd61e27da2 sp=0x0000003852bfe4d0 mode 2
Event: 73375.399 Thread 0x000001cd0f3d06f0 Uncommon trap: trap_request=0xffffff45 fr.pc=0x000001cd62926714 relative=0x00000000000016f4
Event: 73375.399 Thread 0x000001cd0f3d06f0 Uncommon trap: reason=unstable_if action=reinterpret pc=0x000001cd62926714 method=sun.java2d.d3d.D3DScreenUpdateManager.run()V @ 146 c2
Event: 73375.399 Thread 0x000001cd0f3d06f0 DEOPT PACKING pc=0x000001cd62926714 sp=0x0000003852cff1a0
Event: 73375.400 Thread 0x000001cd0f3d06f0 DEOPT UNPACKING pc=0x000001cd61e27da2 sp=0x0000003852cff178 mode 2

Classes loaded (20 events):
Event: 1312.056 Loading class sun/awt/datatransfer/DataTransferer
Event: 1312.057 Loading class sun/awt/datatransfer/DataTransferer done
Event: 1312.057 Loading class sun/awt/windows/WDataTransferer
Event: 1312.057 Loading class sun/awt/windows/WDataTransferer done
Event: 1312.058 Loading class sun/awt/windows/WToolkitThreadBlockedHandler
Event: 1312.058 Loading class sun/awt/datatransfer/ToolkitThreadBlockedHandler
Event: 1312.058 Loading class sun/awt/datatransfer/ToolkitThreadBlockedHandler done
Event: 1312.058 Loading class sun/awt/Mutex
Event: 1312.058 Loading class sun/awt/Mutex done
Event: 1312.058 Loading class sun/awt/windows/WToolkitThreadBlockedHandler done
Event: 1312.059 Loading class sun/awt/windows/WDropTargetContextPeer$1
Event: 1312.059 Loading class sun/awt/windows/WDropTargetContextPeer$1 done
Event: 1312.059 Loading class java/awt/Container$DropTargetEventTargetFilter
Event: 1312.059 Loading class java/awt/Container$DropTargetEventTargetFilter done
Event: 7061.036 Loading class java/awt/desktop/UserSessionListener
Event: 7061.036 Loading class java/awt/desktop/SystemEventListener
Event: 7061.037 Loading class java/awt/desktop/SystemEventListener done
Event: 7061.037 Loading class java/awt/desktop/UserSessionListener done
Event: 7062.006 Loading class java/awt/desktop/SystemSleepListener
Event: 7062.006 Loading class java/awt/desktop/SystemSleepListener done

Classes unloaded (0 events):
No events

Classes redefined (0 events):
No events

Internal exceptions (20 events):
Event: 857.860 Thread 0x000001cd0f3f4730 Implicit null exception at 0x000001cd626573ef to 0x000001cd6265a6ec
Event: 857.860 Thread 0x000001cd0f3f4730 Implicit null exception at 0x000001cd6252e5ba to 0x000001cd6252e784
Event: 857.860 Thread 0x000001cd0f3f4730 Implicit null exception at 0x000001cd6261f36b to 0x000001cd6262006c
Event: 857.862 Thread 0x000001cd0f3f4730 Implicit null exception at 0x000001cd62695ba9 to 0x000001cd62696d00
Event: 857.862 Thread 0x000001cd0f3f4730 Implicit null exception at 0x000001cd6261d3e7 to 0x000001cd6261d5e0
Event: 857.863 Thread 0x000001cd0f3f4730 Implicit null exception at 0x000001cd6270a502 to 0x000001cd6270a65c
Event: 857.863 Thread 0x000001cd0f3f4730 Implicit null exception at 0x000001cd62758105 to 0x000001cd627593c4
Event: 867.147 Thread 0x000001cd7b1a98a0 Implicit null exception at 0x000001cd62a48dfb to 0x000001cd62a48ea8
Event: 867.156 Thread 0x000001cd7b1a98a0 Implicit null exception at 0x000001cd62a49da4 to 0x000001cd62a4a4e8
Event: 867.160 Thread 0x000001cd7b1a98a0 Implicit null exception at 0x000001cd62a4b430 to 0x000001cd62a4b7e8
Event: 872.810 Thread 0x000001cd0f3f4730 Implicit null exception at 0x000001cd62a555e1 to 0x000001cd62a55820
Event: 872.833 Thread 0x000001cd0f3f4730 Exception <a 'java/lang/NoSuchMethodError'{0x000000062c83fc20}: 'int java.lang.invoke.DirectMethodHandle$Holder.invokeStatic(java.lang.Object, java.lang.Object, java.lang.Object, java.lang.Object)'> (0x000000062c83fc20) 
thrown [s\src\hotspot\share\interpreter\linkResolver.cpp, line 773]
Event: 872.839 Thread 0x000001cd0f3f4730 Exception <a 'java/lang/NoSuchMethodError'{0x000000062c896868}: 'void java.lang.invoke.Invokers$Holder.invokeExact_MT(java.lang.Object, java.lang.Object, java.lang.Object, java.lang.Object)'> (0x000000062c896868) 
thrown [s\src\hotspot\share\interpreter\linkResolver.cpp, line 773]
Event: 872.853 Thread 0x000001cd0f3f4730 Exception <a 'java/lang/NoSuchMethodError'{0x000000062c8a3d20}: 'int java.lang.invoke.DirectMethodHandle$Holder.invokeSpecial(java.lang.Object, java.lang.Object, java.lang.Object, int)'> (0x000000062c8a3d20) 
thrown [s\src\hotspot\share\interpreter\linkResolver.cpp, line 773]
Event: 872.853 Thread 0x000001cd0f3f4730 Exception <a 'java/lang/NoSuchMethodError'{0x000000062c8b5cc0}: 'java.lang.Object java.lang.invoke.DirectMethodHandle$Holder.invokeStatic(java.lang.Object, java.lang.Object, java.lang.Object, java.lang.Object, int)'> (0x000000062c8b5cc0) 
thrown [s\src\hotspot\share\interpreter\linkResolver.cpp, line 773]
Event: 872.854 Thread 0x000001cd0f3f4730 Exception <a 'java/lang/NoSuchMethodError'{0x000000062c8c0b28}: 'java.lang.Object java.lang.invoke.DelegatingMethodHandle$Holder.reinvoke_L(java.lang.Object, java.lang.Object, java.lang.Object, int, int)'> (0x000000062c8c0b28) 
thrown [s\src\hotspot\share\interpreter\linkResolver.cpp, line 773]
Event: 872.861 Thread 0x000001cd0f3f4730 Exception <a 'java/lang/NoSuchMethodError'{0x000000062c8d4680}: 'void java.lang.invoke.DirectMethodHandle$Holder.invokeStatic(java.lang.Object, java.lang.Object, java.lang.Object, java.lang.Object)'> (0x000000062c8d4680) 
thrown [s\src\hotspot\share\interpreter\linkResolver.cpp, line 773]
Event: 873.128 Thread 0x000001cd0f3f4730 Exception <a 'java/lang/NoSuchMethodError'{0x000000062cb64bb8}: 'java.lang.Object java.lang.invoke.DirectMethodHandle$Holder.newInvokeSpecial(java.lang.Object, int, java.lang.Object)'> (0x000000062cb64bb8) 
thrown [s\src\hotspot\share\interpreter\linkResolver.cpp, line 773]
Event: 877.814 Thread 0x000001cd10c10960 Implicit null exception at 0x000001cd6277effa to 0x000001cd6277f250
Event: 912.397 Thread 0x000001cd10c130c0 Implicit null exception at 0x000001cd624fe891 to 0x000001cd624feacc

ZGC Phase Switch (0 events):
No events

VM Operations (20 events):
Event: 4150.915 Executing VM operation: RendezvousGCThreads
Event: 4150.915 Executing VM operation: RendezvousGCThreads done
Event: 5750.385 Executing VM operation: Cleanup
Event: 5750.385 Executing VM operation: Cleanup done
Event: 5751.390 Executing VM operation: Cleanup
Event: 5751.390 Executing VM operation: Cleanup done
Event: 5752.399 Executing VM operation: Cleanup
Event: 5752.399 Executing VM operation: Cleanup done
Event: 5773.878 Executing VM operation: HandshakeAllThreads (HandshakeForDeflation)
Event: 5773.878 Executing VM operation: HandshakeAllThreads (HandshakeForDeflation) done
Event: 5773.878 Executing VM operation: RendezvousGCThreads
Event: 5773.878 Executing VM operation: RendezvousGCThreads done
Event: 67028.296 Executing VM operation: HandshakeAllThreads (HandshakeForDeflation)
Event: 67028.296 Executing VM operation: HandshakeAllThreads (HandshakeForDeflation) done
Event: 67028.296 Executing VM operation: RendezvousGCThreads
Event: 67028.296 Executing VM operation: RendezvousGCThreads done
Event: 70335.104 Executing VM operation: HandshakeAllThreads (HandshakeForDeflation)
Event: 70335.104 Executing VM operation: HandshakeAllThreads (HandshakeForDeflation) done
Event: 70335.104 Executing VM operation: RendezvousGCThreads
Event: 70335.104 Executing VM operation: RendezvousGCThreads done

Memory protections (0 events):
No events

Nmethod flushes (20 events):
Event: 897.564 Thread 0x000001cd76664080 flushing  nmethod 0x000001cd5b048910
Event: 897.564 Thread 0x000001cd76664080 flushing  nmethod 0x000001cd5b07b390
Event: 897.564 Thread 0x000001cd76664080 flushing  nmethod 0x000001cd5b07fd10
Event: 897.564 Thread 0x000001cd76664080 flushing  nmethod 0x000001cd5b080e90
Event: 897.564 Thread 0x000001cd76664080 flushing  nmethod 0x000001cd5b081f10
Event: 897.564 Thread 0x000001cd76664080 flushing  nmethod 0x000001cd5b084890
Event: 897.564 Thread 0x000001cd76664080 flushing  nmethod 0x000001cd5b085510
Event: 897.564 Thread 0x000001cd76664080 flushing  nmethod 0x000001cd5b086090
Event: 897.564 Thread 0x000001cd76664080 flushing  nmethod 0x000001cd5b0f8310
Event: 897.564 Thread 0x000001cd76664080 flushing  nmethod 0x000001cd5b0f8f90
Event: 897.564 Thread 0x000001cd76664080 flushing  nmethod 0x000001cd5b0fc990
Event: 897.564 Thread 0x000001cd76664080 flushing  nmethod 0x000001cd5b1fac10
Event: 897.564 Thread 0x000001cd76664080 flushing  nmethod 0x000001cd5b1fb790
Event: 897.564 Thread 0x000001cd76664080 flushing  nmethod 0x000001cd5b202990
Event: 897.564 Thread 0x000001cd76664080 flushing  nmethod 0x000001cd5b203610
Event: 897.564 Thread 0x000001cd76664080 flushing  nmethod 0x000001cd5b205110
Event: 897.564 Thread 0x000001cd76664080 flushing  nmethod 0x000001cd5b206610
Event: 897.564 Thread 0x000001cd76664080 flushing  nmethod 0x000001cd5b334e90
Event: 897.564 Thread 0x000001cd76664080 flushing  nmethod 0x000001cd5b335990
Event: 897.564 Thread 0x000001cd76664080 flushing  nmethod 0x000001cd5b337610

Events (20 events):
Event: 873.036 Thread 0x000001cd10c0e890 Thread exited: 0x000001cd10c0e890
Event: 873.036 Thread 0x000001cd0f3f4730 Thread added: 0x000001cd10c10960
Event: 873.036 Thread 0x000001cd10c102d0 Thread exited: 0x000001cd10c102d0
Event: 873.039 Thread 0x000001cd10c10960 Thread exited: 0x000001cd10c10960
Event: 873.117 Thread 0x000001cd0f3f4730 Thread added: 0x000001cd10c123a0
Event: 873.119 Thread 0x000001cd10c123a0 Thread exited: 0x000001cd10c123a0
Event: 877.807 Thread 0x000001cd0f3f4730 Thread added: 0x000001cd10c10960
Event: 877.828 Thread 0x000001cd767514a0 Thread added: 0x000001cd7674de20
Event: 877.878 Thread 0x000001cd10c10960 Thread exited: 0x000001cd10c10960
Event: 878.371 Thread 0x000001cd7674de20 Thread exited: 0x000001cd7674de20
Event: 909.351 Thread 0x000001cd0f3f4730 Thread added: 0x000001cd10c0e890
Event: 909.351 Thread 0x000001cd0f3f4730 Thread added: 0x000001cd10c0d4e0
Event: 909.351 Thread 0x000001cd10c0e890 Thread exited: 0x000001cd10c0e890
Event: 909.351 Thread 0x000001cd0f3f4730 Thread added: 0x000001cd10c0e890
Event: 909.351 Thread 0x000001cd10c0d4e0 Thread exited: 0x000001cd10c0d4e0
Event: 909.353 Thread 0x000001cd10c0e890 Thread exited: 0x000001cd10c0e890
Event: 909.430 Thread 0x000001cd0f3f4730 Thread added: 0x000001cd10c0c7c0
Event: 909.432 Thread 0x000001cd10c0c7c0 Thread exited: 0x000001cd10c0c7c0
Event: 912.392 Thread 0x000001cd0f3f4730 Thread added: 0x000001cd10c130c0
Event: 912.439 Thread 0x000001cd10c130c0 Thread exited: 0x000001cd10c130c0


Dynamic libraries:
0x00007ff6c7790000 - 0x00007ff6c7855000 	C:\Program Files\logisim-evolution\logisim-evolution.exe
0x00007fff02c50000 - 0x00007fff02e48000 	C:\Windows\SYSTEM32\ntdll.dll
0x00007fff01c70000 - 0x00007fff01d32000 	C:\Windows\System32\KERNEL32.DLL
0x00007fff008e0000 - 0x00007fff00bd6000 	C:\Windows\System32\KERNELBASE.dll
0x00007fff021d0000 - 0x00007fff0236d000 	C:\Windows\System32\USER32.dll
0x00007fff00400000 - 0x00007fff00422000 	C:\Windows\System32\win32u.dll
0x00007fff01e40000 - 0x00007fff01e6b000 	C:\Windows\System32\GDI32.dll
0x00007fff002e0000 - 0x00007fff003fa000 	C:\Windows\System32\gdi32full.dll
0x00007fff00840000 - 0x00007fff008dd000 	C:\Windows\System32\msvcp_win.dll
0x00007fff00740000 - 0x00007fff00840000 	C:\Windows\System32\ucrtbase.dll
0x00007fff00e30000 - 0x00007fff0159f000 	C:\Windows\System32\SHELL32.dll
0x00007fff02370000 - 0x00007fff0239f000 	C:\Windows\System32\IMM32.DLL
0x00007fff023a0000 - 0x00007fff0244d000 	C:\Windows\System32\shcore.dll
0x00007fff01d40000 - 0x00007fff01dde000 	C:\Windows\System32\msvcrt.dll
0x00007fff01e70000 - 0x00007fff021c5000 	C:\Windows\System32\combase.dll
0x00007fff01660000 - 0x00007fff01783000 	C:\Windows\System32\RPCRT4.dll
0x00007ffefc0b0000 - 0x00007ffefc0c8000 	C:\Program Files\logisim-evolution\runtime\bin\jli.dll
0x00007ffee7bf0000 - 0x00007ffee7e8a000 	C:\Windows\WinSxS\amd64_microsoft.windows.common-controls_6595b64144ccf1df_6.0.19041.4355_none_60b8b9eb71f62e16\COMCTL32.dll
0x00007ffef76b0000 - 0x00007ffef76cd000 	C:\Program Files\logisim-evolution\runtime\bin\VCRUNTIME140.dll
0x00007ffefc960000 - 0x00007ffefc96c000 	C:\Program Files\logisim-evolution\runtime\bin\vcruntime140_1.dll
0x00007ffeec230000 - 0x00007ffeec2bd000 	C:\Program Files\logisim-evolution\runtime\bin\msvcp140.dll
0x00007ffe32c90000 - 0x00007ffe33a20000 	C:\Program Files\logisim-evolution\runtime\bin\server\jvm.dll
0x00007fff025c0000 - 0x00007fff0266f000 	C:\Windows\System32\ADVAPI32.dll
0x00007fff015c0000 - 0x00007fff0165f000 	C:\Windows\System32\sechost.dll
0x00007fff00710000 - 0x00007fff00737000 	C:\Windows\System32\bcrypt.dll
0x00007fff02670000 - 0x00007fff026db000 	C:\Windows\System32\WS2_32.dll
0x00007ffeff7f0000 - 0x00007ffeff83b000 	C:\Windows\SYSTEM32\POWRPROF.dll
0x00007ffeee2a0000 - 0x00007ffeee2c7000 	C:\Windows\SYSTEM32\WINMM.dll
0x00007ffef4630000 - 0x00007ffef463a000 	C:\Windows\SYSTEM32\VERSION.dll
0x00007ffeff6a0000 - 0x00007ffeff6b2000 	C:\Windows\SYSTEM32\UMPDC.dll
0x00007ffefe140000 - 0x00007ffefe152000 	C:\Windows\SYSTEM32\kernel.appcore.dll
0x00007ffefc0f0000 - 0x00007ffefc0fa000 	C:\Program Files\logisim-evolution\runtime\bin\jimage.dll
0x00007ffef8da0000 - 0x00007ffef8f84000 	C:\Windows\SYSTEM32\DBGHELP.DLL
0x00007ffee8bb0000 - 0x00007ffee8be4000 	C:\Windows\SYSTEM32\dbgcore.DLL
0x00007fff00be0000 - 0x00007fff00c62000 	C:\Windows\System32\bcryptPrimitives.dll
0x00007ffef75e0000 - 0x00007ffef7600000 	C:\Program Files\logisim-evolution\runtime\bin\java.dll
0x00007ffefe340000 - 0x00007ffefeae3000 	C:\Windows\SYSTEM32\windows.storage.dll
0x00007ffeffd10000 - 0x00007ffeffd3b000 	C:\Windows\SYSTEM32\Wldp.dll
0x00007fff01790000 - 0x00007fff0185d000 	C:\Windows\System32\OLEAUT32.dll
0x00007fff01c10000 - 0x00007fff01c65000 	C:\Windows\System32\shlwapi.dll
0x00007fff00210000 - 0x00007fff00235000 	C:\Windows\SYSTEM32\profapi.dll
0x00007ffed7690000 - 0x00007ffed7767000 	C:\Program Files\logisim-evolution\runtime\bin\jsvml.dll
0x00007ffef83d0000 - 0x00007ffef83e0000 	C:\Program Files\logisim-evolution\runtime\bin\net.dll
0x00007ffef8770000 - 0x00007ffef887a000 	C:\Windows\SYSTEM32\WINHTTP.dll
0x00007ffeffa20000 - 0x00007ffeffa8c000 	C:\Windows\system32\mswsock.dll
0x00007ffef7520000 - 0x00007ffef7536000 	C:\Program Files\logisim-evolution\runtime\bin\nio.dll
0x00007ffeec210000 - 0x00007ffeec228000 	C:\Program Files\logisim-evolution\runtime\bin\zip.dll
0x00007ffed7500000 - 0x00007ffed768e000 	C:\Program Files\logisim-evolution\runtime\bin\awt.dll
0x00007ffefc8c0000 - 0x00007ffefc954000 	C:\Windows\SYSTEM32\apphelp.dll
0x00007ffefdc50000 - 0x00007ffefdcee000 	C:\Windows\system32\uxtheme.dll
0x00007fff01860000 - 0x00007fff01975000 	C:\Windows\System32\MSCTF.dll
0x00007fff00c70000 - 0x00007fff00d9b000 	C:\Windows\System32\ole32.dll
0x00007ffefdf60000 - 0x00007ffefdf8f000 	C:\Windows\system32\DWMAPI.DLL
0x00007ffef76a0000 - 0x00007ffef76a9000 	C:\Program Files\logisim-evolution\runtime\bin\prefs.dll
0x00007ffecb700000 - 0x00007ffecb828000 	C:\Windows\system32\opengl32.dll
0x00007ffeebd70000 - 0x00007ffeebd9c000 	C:\Windows\SYSTEM32\GLU32.dll
0x00007ffe88630000 - 0x00007ffe8be74000 	C:\Windows\System32\DriverStore\FileRepository\u0409974.inf_amd64_db5d684bd08db28d\B409690\AMDXN64.DLL
0x00007fff026e0000 - 0x00007fff02b51000 	C:\Windows\System32\SETUPAPI.dll
0x00007fff006c0000 - 0x00007fff0070e000 	C:\Windows\System32\cfgmgr32.dll
0x00007ffefeb30000 - 0x00007ffefec26000 	C:\Windows\SYSTEM32\dxgi.dll
0x00007ffeede60000 - 0x00007ffeede97000 	C:\Windows\System32\DriverStore\FileRepository\u0409974.inf_amd64_db5d684bd08db28d\B409690\amdihk64.dll
0x00007ffef42f0000 - 0x00007ffef432b000 	C:\Windows\SYSTEM32\dxcore.dll
0x00007ffeec340000 - 0x00007ffeec346000 	C:\Users\jmsag\AppData\Local\Temp\flatlaf.temp\flatlaf-windows-x86_64-3575380441979000.dll
0x00007ffee0130000 - 0x00007ffee01b7000 	C:\Program Files\logisim-evolution\runtime\bin\freetype.dll
0x00007ffecfc80000 - 0x00007ffecfd62000 	C:\Program Files\logisim-evolution\runtime\bin\fontmanager.dll
0x00007ffefb260000 - 0x00007ffefb274000 	C:\Windows\system32\Wtsapi32.dll
0x00007ffeff310000 - 0x00007ffeff36b000 	C:\Windows\SYSTEM32\WINSTA.dll
0x00007ffef3fa0000 - 0x00007ffef3fa7000 	C:\Program Files\logisim-evolution\runtime\bin\jawt.dll
0x00007ffef36d0000 - 0x00007ffef37c9000 	C:\Windows\SYSTEM32\textinputframework.dll
0x00007ffefbe40000 - 0x00007ffefbf32000 	C:\Windows\System32\CoreMessaging.dll
0x00007ffefb630000 - 0x00007ffefb98b000 	C:\Windows\System32\CoreUIComponents.dll
0x00007ffeff530000 - 0x00007ffeff563000 	C:\Windows\SYSTEM32\ntmarta.dll
0x00007ffefcb10000 - 0x00007ffefcc67000 	C:\Windows\SYSTEM32\wintypes.dll
0x00007ffef6740000 - 0x00007ffef6749000 	C:\Program Files\logisim-evolution\runtime\bin\extnet.dll
0x00007fff02b60000 - 0x00007fff02c09000 	C:\Windows\System32\clbcatq.dll
0x00007ffefda10000 - 0x00007ffefdbc4000 	C:\Windows\SYSTEM32\WindowsCodecs.dll
0x00007ffedb1d0000 - 0x00007ffedb20e000 	C:\Windows\system32\dataexchange.dll
0x00007ffefb440000 - 0x00007ffefb624000 	C:\Windows\system32\dcomp.dll
0x00007ffefa840000 - 0x00007ffefaaa3000 	C:\Windows\system32\d3d11.dll
0x00007ffef7090000 - 0x00007ffef7293000 	C:\Windows\system32\twinapi.appcore.dll
0x00007ffea4230000 - 0x00007ffea42e0000 	C:\Windows\WinSxS\amd64_microsoft.windows.common-controls_6595b64144ccf1df_5.82.19041.4355_none_792ecafd2442822f\comctl32.dll
0x00007ffefd370000 - 0x00007ffefd466000 	C:\Windows\system32\propsys.dll
0x00007ffee1500000 - 0x00007ffee1517000 	C:\Windows\system32\NetworkExplorer.dll
0x00007ffee7050000 - 0x00007ffee706d000 	C:\Windows\SYSTEM32\MPR.dll
0x00007ffee14d0000 - 0x00007ffee14fa000 	C:\Windows\System32\p9np.dll
0x00007ffee14c0000 - 0x00007ffee14cb000 	C:\Windows\System32\drprov.dll
0x00007ffee14a0000 - 0x00007ffee14bf000 	C:\Windows\System32\ntlanman.dll
0x00007ffee1480000 - 0x00007ffee149e000 	C:\Windows\System32\davclnt.dll
0x00007ffee1470000 - 0x00007ffee147d000 	C:\Windows\System32\DAVHLPR.dll
0x00007ffedaf00000 - 0x00007ffedaf67000 	C:\Windows\System32\thumbcache.dll
0x00007ffefd630000 - 0x00007ffefd6d1000 	C:\Windows\SYSTEM32\policymanager.dll
0x00007ffeff370000 - 0x00007ffeff3fa000 	C:\Windows\SYSTEM32\msvcp110_win.dll
0x00007ffeeded0000 - 0x00007ffeee0c1000 	C:\Windows\System32\urlmon.dll
0x00007ffeee2d0000 - 0x00007ffeee2f8000 	C:\Windows\System32\srvcli.dll
0x00007ffeee300000 - 0x00007ffeee5bf000 	C:\Windows\System32\iertutil.dll
0x00007ffeff710000 - 0x00007ffeff71c000 	C:\Windows\System32\netutils.dll
0x00007fff00190000 - 0x00007fff001c2000 	C:\Windows\System32\SspiCli.dll
0x00007ffeff400000 - 0x00007ffeff419000 	C:\Windows\System32\wkscli.dll
0x00007ffeda5a0000 - 0x00007ffeda5b2000 	C:\Windows\SYSTEM32\cscapi.dll
0x00007ffea8dc0000 - 0x00007ffea8e16000 	C:\Windows\System32\dlnashext.dll
0x00007ffef76e0000 - 0x00007ffef7744000 	C:\Windows\System32\PlayToDevice.dll
0x00007ffeebd50000 - 0x00007ffeebd70000 	C:\Windows\System32\DevDispItemProvider.dll
0x00007ffef9a20000 - 0x00007ffef9aa9000 	C:\Windows\System32\MMDevApi.dll
0x00007fff00090000 - 0x00007fff000c3000 	C:\Windows\System32\DEVOBJ.dll
0x00007ffede9f0000 - 0x00007ffedea91000 	C:\Windows\system32\wpdshext.dll
0x00007ffeeb270000 - 0x00007ffeeb418000 	C:\Windows\WinSxS\amd64_microsoft.windows.gdiplus_6595b64144ccf1df_1.1.19041.5369_none_91a453e0cc8824e6\gdiplus.dll
0x00007ffefaab0000 - 0x00007ffefab53000 	C:\Windows\System32\PortableDeviceApi.dll
0x00007fff00430000 - 0x00007fff004a3000 	C:\Windows\System32\WINTRUST.dll
0x00007fff004b0000 - 0x00007fff0060d000 	C:\Windows\System32\CRYPT32.dll
0x00007ffeffea0000 - 0x00007ffeffeb2000 	C:\Windows\SYSTEM32\MSASN1.dll
0x00007ffed9ae0000 - 0x00007ffed9b17000 	C:\Windows\System32\EhStorShell.dll
0x00007ffef8360000 - 0x00007ffef8386000 	C:\Windows\System32\EhStorAPI.dll
0x00007ffedcfb0000 - 0x00007ffedcfbd000 	C:\Windows\SYSTEM32\LINKINFO.dll
0x00007ffeebe40000 - 0x00007ffeebe4c000 	C:\Windows\SYSTEM32\Secur32.dll
0x00007ffef3d60000 - 0x00007ffef3e58000 	C:\Windows\System32\MrmCoreR.dll
0x00007ffeecdb0000 - 0x00007ffeecdc1000 	C:\Windows\SYSTEM32\windows.staterepositorycore.dll
0x00007ffeef680000 - 0x00007ffeef6ad000 	C:\Windows\System32\bcp47mrm.dll
0x00007ffef39e0000 - 0x00007ffef3b1f000 	C:\Windows\System32\Windows.UI.dll
0x00007ffef6ad0000 - 0x00007ffef6b71000 	C:\Windows\System32\WindowManagementAPI.dll
0x00007ffef37d0000 - 0x00007ffef3922000 	C:\Windows\System32\InputHost.dll
0x00007ffee28e0000 - 0x00007ffee2904000 	C:\Windows\SYSTEM32\edputil.dll
0x00007ffeea3e0000 - 0x00007ffeea526000 	C:\Windows\System32\Windows.StateRepositoryPS.dll

dbghelp: loaded successfully - version: 4.0.5 - missing functions: none
symbol engine: initialized successfully - sym options: 0x614 - pdb path: .;C:\Program Files\logisim-evolution;C:\Windows\SYSTEM32;C:\Program Files\logisim-evolution\runtime\bin;C:\Windows\WinSxS\amd64_microsoft.windows.common-controls_6595b64144ccf1df_6.0.19041.4355_none_60b8b9eb71f62e16;C:\Program Files\logisim-evolution\runtime\bin\server;C:\Windows\System32\DriverStore\FileRepository\u0409974.inf_amd64_db5d684bd08db28d\B409690;C:\Users\jmsag\AppData\Local\Temp\flatlaf.temp;C:\Windows\WinSxS\amd64_microsoft.windows.common-controls_6595b64144ccf1df_5.82.19041.4355_none_792ecafd2442822f;C:\Windows\WinSxS\amd64_microsoft.windows.gdiplus_6595b64144ccf1df_1.1.19041.5369_none_91a453e0cc8824e6

VM Arguments:
jvm_args: -Djpackage.app-version=3.9.0 -Djpackage.app-path=C:\Program Files\logisim-evolution\logisim-evolution.exe 
java_command: com.cburch.logisim.Main C:\Users\jmsag\Documents\CSC137 circuits\HW4_1.circ
java_class_path (initial): C:\Program Files\logisim-evolution\app\logisim-evolution-3.9.0-all.jar
Launcher Type: SUN_STANDARD

[Global flags]
     intx CICompilerCount                          = 4                                         {product} {ergonomic}
     uint ConcGCThreads                            = 3                                         {product} {ergonomic}
     uint G1ConcRefinementThreads                  = 10                                        {product} {ergonomic}
   size_t G1HeapRegionSize                         = 4194304                                   {product} {ergonomic}
    uintx GCDrainStackTargetSize                   = 64                                        {product} {ergonomic}
   size_t InitialHeapSize                          = 524288000                                 {product} {ergonomic}
   size_t MarkStackSize                            = 4194304                                   {product} {ergonomic}
   size_t MaxHeapSize                              = 8355053568                                {product} {ergonomic}
   size_t MaxNewSize                               = 5012193280                                {product} {ergonomic}
   size_t MinHeapDeltaBytes                        = 4194304                                   {product} {ergonomic}
   size_t MinHeapSize                              = 8388608                                   {product} {ergonomic}
    uintx NonNMethodCodeHeapSize                   = 5839372                                {pd product} {ergonomic}
    uintx NonProfiledCodeHeapSize                  = 122909434                              {pd product} {ergonomic}
    uintx ProfiledCodeHeapSize                     = 122909434                              {pd product} {ergonomic}
    uintx ReservedCodeCacheSize                    = 251658240                              {pd product} {ergonomic}
     bool SegmentedCodeCache                       = true                                      {product} {ergonomic}
   size_t SoftMaxHeapSize                          = 8355053568                             {manageable} {ergonomic}
     bool UseCompressedOops                        = true                           {product lp64_product} {ergonomic}
     bool UseG1GC                                  = true                                      {product} {ergonomic}
     bool UseLargePagesIndividualAllocation        = false                                  {pd product} {ergonomic}

Logging:
Log output configuration:
 #0: stdout all=warning uptime,level,tags foldmultilines=false
 #1: stderr all=off uptime,level,tags foldmultilines=false

Environment Variables:
JAVA_HOME=C:\Program Files\Java\jdk-21
PATH=C:\Program Files\Common Files\Oracle\Java\javapath;C:\Windows\system32;C:\Windows;C:\Windows\System32\Wbem;C:\Windows\System32\WindowsPowerShell\v1.0\;C:\Windows\System32\OpenSSH\;C:\Program Files\Java\jdk-21\bin;C:\Program Files\dotnet\;C:\Program Files\Git\cmd;C:\Program Files\PuTTY\;C:\Program Files\RedHat\Podman\;C:\Program Files\Mullvad VPN\resources;C:\Users\jmsag\AppData\Local\Programs\Python\Launcher\;C:\Users\jmsag\AppData\Local\Microsoft\WindowsApps;C:\Program Files\JetBrains\IntelliJ IDEA 2023.2.5\bin;;C:\Users\jmsag\AppData\Local\GitHubDesktop\bin;C:\Users\jmsag\AppData\Local\Programs\Microsoft VS Code\bin;C:\Program Files\JetBrains\PyCharm 2024.1.4\bin;;C:\Users\jmsag\.dotnet\tools;C:\Program Files\logisim-evolution\app
USERNAME=jmsag
OS=Windows_NT
PROCESSOR_IDENTIFIER=AMD64 Family 25 Model 97 Stepping 2, AuthenticAMD
TMP=C:\Users\jmsag\AppData\Local\Temp
TEMP=C:\Users\jmsag\AppData\Local\Temp




Periodic native trim disabled

---------------  S Y S T E M  ---------------

OS:
 Windows 10 , 64 bit Build 19041 (10.0.19041.5678)
OS uptime: 4 days 23:41 hours
Hyper-V role detected

CPU: total 12 (initial active 12) (12 cores per cpu, 2 threads per core) family 25 model 97 stepping 2 microcode 0x0, cx8, cmov, fxsr, ht, mmx, 3dnowpref, sse, sse2, sse3, ssse3, sse4a, sse4.1, sse4.2, popcnt, lzcnt, tsc, tscinvbit, avx, avx2, aes, erms, clmul, bmi1, bmi2, adx, avx512f, avx512dq, avx512cd, avx512bw, avx512vl, sha, fma, vzeroupper, avx512_vpopcntdq, avx512_vpclmulqdq, avx512_vaes, avx512_vnni, clflush, clflushopt, avx512_vbmi2, avx512_vbmi, hv, rdtscp, rdpid, fsrm, gfni, avx512_bitalg, f16c, cet_ss, avx512_ifma
Processor Information for the first 12 processors :
  Max Mhz: 4701, Current Mhz: 4701, Mhz Limit: 4701

Memory: 4k page, system-wide physical 31864M (13302M free)
TotalPageFile size 52344M (AvailPageFile size 15174M)
current process WorkingSet (physical memory assigned to process): 61M, peak: 265M
current process commit charge ("private bytes"): 282M, peak: 692M

vm_info: OpenJDK 64-Bit Server VM (21.0.4+7-LTS) for windows-amd64 JRE (21.0.4+7-LTS), built on 2024-07-16T17:40:50Z by "MicrosoftCorporation" with unknown MS VC++:1939

END.
